[
  {
    "distro": "debian",
    "os_version": "Linux version 6.10.6-riscv64 (debian-kernel@lists.debian.org) (riscv64-linux-gnu-gcc-13 (Debian 13.3.0-5) 13.3.0, GNU ld (GNU Binutils for Debian) 2.43.1) #1 SMP Debian 6.10.6-1 (2024-08-19)\n",
    "kernel_version": "6.10.6-riscv64\n",
    "package_name": "apache",
    "package_type": "package",
    "package_version": "2.4.62-1",
    "test_results": [
      {
        "test_name": "test.sh",
        "output": "Reading package lists...\nBuilding dependency tree...\nReading state information...\nsudo is already the newest version (1.9.15p5-3+b1).\ncurl is already the newest version (8.9.1-2).\napt-transport-https is already the newest version (2.9.8).\nca-certificates is already the newest version (20240203).\ngnupg is already the newest version (2.2.43-8).\nlsb-release is already the newest version (12.1-1).\nnetcat-openbsd is already the newest version (1.226-1.1).\n0 upgraded, 0 newly installed, 0 to remove and 67 not upgraded.\nPackage apache2 is installed.\nApache service is running.\nApache service state has been restored.\n",
        "passed": true
      }
    ],
    "all_tests_passed": true
  },
  {
    "distro": "debian",
    "os_version": "Linux version 6.10.6-riscv64 (debian-kernel@lists.debian.org) (riscv64-linux-gnu-gcc-13 (Debian 13.3.0-5) 13.3.0, GNU ld (GNU Binutils for Debian) 2.43.1) #1 SMP Debian 6.10.6-1 (2024-08-19)\n",
    "kernel_version": "6.10.6-riscv64\n",
    "package_name": "clang",
    "package_type": "package",
    "package_version": "16.0.6 (27+b1)",
    "test_results": [
      {
        "test_name": "test.sh",
        "output": "Reading package lists...\nBuilding dependency tree...\nReading state information...\nsudo is already the newest version (1.9.15p5-3+b1).\ncurl is already the newest version (8.9.1-2).\napt-transport-https is already the newest version (2.9.8).\nca-certificates is already the newest version (20240203).\ngnupg is already the newest version (2.2.43-8).\nlsb-release is already the newest version (12.1-1).\nnetcat-openbsd is already the newest version (1.226-1.1).\n0 upgraded, 0 newly installed, 0 to remove and 67 not upgraded.\nHello, World!\n",
        "passed": true
      }
    ],
    "all_tests_passed": true
  },
  {
    "distro": "debian",
    "os_version": "Linux version 6.10.6-riscv64 (debian-kernel@lists.debian.org) (riscv64-linux-gnu-gcc-13 (Debian 13.3.0-5) 13.3.0, GNU ld (GNU Binutils for Debian) 2.43.1) #1 SMP Debian 6.10.6-1 (2024-08-19)\n",
    "kernel_version": "6.10.6-riscv64\n",
    "package_name": "cmake",
    "package_type": "package",
    "package_version": "3.30.2",
    "test_results": [
      {
        "test_name": "test.sh",
        "output": "Reading package lists...\nBuilding dependency tree...\nReading state information...\nsudo is already the newest version (1.9.15p5-3+b1).\ncurl is already the newest version (8.9.1-2).\napt-transport-https is already the newest version (2.9.8).\nca-certificates is already the newest version (20240203).\ngnupg is already the newest version (2.2.43-8).\nlsb-release is already the newest version (12.1-1).\nnetcat-openbsd is already the newest version (1.226-1.1).\n0 upgraded, 0 newly installed, 0 to remove and 67 not upgraded.\n-- The C compiler identification is GNU 14.2.0\n-- The CXX compiler identification is GNU 14.2.0\n-- Detecting C compiler ABI info\n-- Detecting C compiler ABI info - done\n-- Check for working C compiler: /usr/bin/cc - skipped\n-- Detecting C compile features\n-- Detecting C compile features - done\n-- Detecting CXX compiler ABI info\n-- Detecting CXX compiler ABI info - done\n-- Check for working CXX compiler: /usr/bin/c++ - skipped\n-- Detecting CXX compile features\n-- Detecting CXX compile features - done\n-- Configuring done (18.0s)\n-- Generating done (0.1s)\n-- Build files have been written to: /tmp/cmake_test_dir\n[ 50%] Building CXX object CMakeFiles/test_app.dir/main.cpp.o\n[100%] Linking CXX executable test_app\n[100%] Built target test_app\n",
        "passed": true
      }
    ],
    "all_tests_passed": true
  },
  {
    "distro": "debian",
    "os_version": "Linux version 6.10.6-riscv64 (debian-kernel@lists.debian.org) (riscv64-linux-gnu-gcc-13 (Debian 13.3.0-5) 13.3.0, GNU ld (GNU Binutils for Debian) 2.43.1) #1 SMP Debian 6.10.6-1 (2024-08-19)\n",
    "kernel_version": "6.10.6-riscv64\n",
    "package_name": "docker",
    "package_type": "package",
    "package_version": "5:27.1.1-1~debian.12~bookworm",
    "test_results": [
      {
        "test_name": "test.sh",
        "output": "never mind",
        "passed": true
      }
    ],
    "all_tests_passed": true
  },
  {
    "distro": "debian",
    "os_version": "Linux version 6.10.6-riscv64 (debian-kernel@lists.debian.org) (riscv64-linux-gnu-gcc-13 (Debian 13.3.0-5) 13.3.0, GNU ld (GNU Binutils for Debian) 2.43.1) #1 SMP Debian 6.10.6-1 (2024-08-19)\n",
    "kernel_version": "6.10.6-riscv64\n",
    "package_name": "erlang",
    "package_type": "package",
    "package_version": "1:25.3.2.12+dfsg-1",
    "test_results": [
      {
        "test_name": "test.sh",
        "output": "Reading package lists...\nBuilding dependency tree...\nReading state information...\nsudo is already the newest version (1.9.15p5-3+b1).\ncurl is already the newest version (8.9.1-2).\napt-transport-https is already the newest version (2.9.8).\nca-certificates is already the newest version (20240203).\ngnupg is already the newest version (2.2.43-8).\nlsb-release is already the newest version (12.1-1).\nnetcat-openbsd is already the newest version (1.226-1.1).\n0 upgraded, 0 newly installed, 0 to remove and 67 not upgraded.\nPackage erlang is installed.\nErlang is functioning correctly.\n",
        "passed": true
      }
    ],
    "all_tests_passed": true
  },
  {
    "distro": "debian",
    "os_version": "Linux version 6.10.6-riscv64 (debian-kernel@lists.debian.org) (riscv64-linux-gnu-gcc-13 (Debian 13.3.0-5) 13.3.0, GNU ld (GNU Binutils for Debian) 2.43.1) #1 SMP Debian 6.10.6-1 (2024-08-19)\n",
    "kernel_version": "6.10.6-riscv64\n",
    "package_name": "gcc",
    "package_type": "package",
    "package_version": "14.2.0",
    "test_results": [
      {
        "test_name": "run_tests.sh",
        "output": "Reading package lists...\nBuilding dependency tree...\nReading state information...\nsudo is already the newest version (1.9.15p5-3+b1).\ncurl is already the newest version (8.9.1-2).\napt-transport-https is already the newest version (2.9.8).\nca-certificates is already the newest version (20240203).\ngnupg is already the newest version (2.2.43-8).\nlsb-release is already the newest version (12.1-1).\nnetcat-openbsd is already the newest version (1.226-1.1).\n0 upgraded, 0 newly installed, 0 to remove and 67 not upgraded.\n",
        "passed": false
      },
      {
        "test_name": "test.sh",
        "output": "Reading package lists...\nBuilding dependency tree...\nReading state information...\nsudo is already the newest version (1.9.15p5-3+b1).\ncurl is already the newest version (8.9.1-2).\napt-transport-https is already the newest version (2.9.8).\nca-certificates is already the newest version (20240203).\ngnupg is already the newest version (2.2.43-8).\nlsb-release is already the newest version (12.1-1).\nnetcat-openbsd is already the newest version (1.226-1.1).\n0 upgraded, 0 newly installed, 0 to remove and 67 not upgraded.\nChecking for GCC and dependencies...\nGCC is installed.\nVerifying GCC...\nGCC verification passed.\n",
        "passed": true
      }
    ],
    "all_tests_passed": false
  },
  {
    "distro": "debian",
    "os_version": "Linux version 6.10.6-riscv64 (debian-kernel@lists.debian.org) (riscv64-linux-gnu-gcc-13 (Debian 13.3.0-5) 13.3.0, GNU ld (GNU Binutils for Debian) 2.43.1) #1 SMP Debian 6.10.6-1 (2024-08-19)\n",
    "kernel_version": "6.10.6-riscv64\n",
    "package_name": "gdb",
    "package_type": "package",
    "package_version": "GNU gdb (Debian 15.1-1) 15.1",
    "test_results": [
      {
        "test_name": "test.sh",
        "output": "Reading package lists...\nBuilding dependency tree...\nReading state information...\nsudo is already the newest version (1.9.15p5-3+b1).\ncurl is already the newest version (8.9.1-2).\napt-transport-https is already the newest version (2.9.8).\nca-certificates is already the newest version (20240203).\ngnupg is already the newest version (2.2.43-8).\nlsb-release is already the newest version (12.1-1).\nnetcat-openbsd is already the newest version (1.226-1.1).\n0 upgraded, 0 newly installed, 0 to remove and 67 not upgraded.\nPackage gdb is installed.\nGNU gdb (Debian 15.1-1) 15.1\nGDB is functioning correctly.\n",
        "passed": true
      }
    ],
    "all_tests_passed": true
  },
  {
    "distro": "debian",
    "os_version": "Linux version 6.10.6-riscv64 (debian-kernel@lists.debian.org) (riscv64-linux-gnu-gcc-13 (Debian 13.3.0-5) 13.3.0, GNU ld (GNU Binutils for Debian) 2.43.1) #1 SMP Debian 6.10.6-1 (2024-08-19)\n",
    "kernel_version": "6.10.6-riscv64\n",
    "package_name": "golang",
    "package_type": "package",
    "package_version": "2:1.22~3",
    "test_results": [
      {
        "test_name": "test.sh",
        "output": "Reading package lists...\nBuilding dependency tree...\nReading state information...\nsudo is already the newest version (1.9.15p5-3+b1).\ncurl is already the newest version (8.9.1-2).\napt-transport-https is already the newest version (2.9.8).\nca-certificates is already the newest version (20240203).\ngnupg is already the newest version (2.2.43-8).\nlsb-release is already the newest version (12.1-1).\nnetcat-openbsd is already the newest version (1.226-1.1).\n0 upgraded, 0 newly installed, 0 to remove and 67 not upgraded.\nPackage golang-go is installed.\nGo program compiled and ran successfully.\nGo is functioning correctly.\n",
        "passed": true
      }
    ],
    "all_tests_passed": true
  },
  {
    "distro": "debian",
    "os_version": "Linux version 6.10.6-riscv64 (debian-kernel@lists.debian.org) (riscv64-linux-gnu-gcc-13 (Debian 13.3.0-5) 13.3.0, GNU ld (GNU Binutils for Debian) 2.43.1) #1 SMP Debian 6.10.6-1 (2024-08-19)\n",
    "kernel_version": "6.10.6-riscv64\n",
    "package_name": "haproxy",
    "package_type": "package",
    "package_version": "2.9.9-1",
    "test_results": [
      {
        "test_name": "test.sh",
        "output": "Reading package lists...\nBuilding dependency tree...\nReading state information...\nsudo is already the newest version (1.9.15p5-3+b1).\ncurl is already the newest version (8.9.1-2).\napt-transport-https is already the newest version (2.9.8).\nca-certificates is already the newest version (20240203).\ngnupg is already the newest version (2.2.43-8).\nlsb-release is already the newest version (12.1-1).\nnetcat-openbsd is already the newest version (1.226-1.1).\n0 upgraded, 0 newly installed, 0 to remove and 67 not upgraded.\nPackage haproxy is installed.\nHAProxy service is active.\n",
        "passed": true
      }
    ],
    "all_tests_passed": true
  },
  {
    "distro": "debian",
    "os_version": "Linux version 6.10.6-riscv64 (debian-kernel@lists.debian.org) (riscv64-linux-gnu-gcc-13 (Debian 13.3.0-5) 13.3.0, GNU ld (GNU Binutils for Debian) 2.43.1) #1 SMP Debian 6.10.6-1 (2024-08-19)\n",
    "kernel_version": "6.10.6-riscv64\n",
    "package_name": "libmemcached",
    "package_type": "package",
    "package_version": "1.1.4-1.1+b1",
    "test_results": [
      {
        "test_name": "test.sh",
        "output": "Reading package lists...\nBuilding dependency tree...\nReading state information...\nsudo is already the newest version (1.9.15p5-3+b1).\ncurl is already the newest version (8.9.1-2).\napt-transport-https is already the newest version (2.9.8).\nca-certificates is already the newest version (20240203).\ngnupg is already the newest version (2.2.43-8).\nlsb-release is already the newest version (12.1-1).\nnetcat-openbsd is already the newest version (1.226-1.1).\n0 upgraded, 0 newly installed, 0 to remove and 67 not upgraded.\nPackage libmemcached11t64 is installed.\nmemcached service started successfully.\nRetrieved value: value\nlibmemcached is functioning correctly.\n",
        "passed": true
      }
    ],
    "all_tests_passed": true
  },
  {
    "distro": "debian",
    "os_version": "Linux version 6.10.6-riscv64 (debian-kernel@lists.debian.org) (riscv64-linux-gnu-gcc-13 (Debian 13.3.0-5) 13.3.0, GNU ld (GNU Binutils for Debian) 2.43.1) #1 SMP Debian 6.10.6-1 (2024-08-19)\n",
    "kernel_version": "6.10.6-riscv64\n",
    "package_name": "lighttpd",
    "package_type": "package",
    "package_version": "1.4.76-1",
    "test_results": [
      {
        "test_name": "test.sh",
        "output": "Reading package lists...\nBuilding dependency tree...\nReading state information...\nsudo is already the newest version (1.9.15p5-3+b1).\ncurl is already the newest version (8.9.1-2).\napt-transport-https is already the newest version (2.9.8).\nca-certificates is already the newest version (20240203).\ngnupg is already the newest version (2.2.43-8).\nlsb-release is already the newest version (12.1-1).\nnetcat-openbsd is already the newest version (1.226-1.1).\n0 upgraded, 0 newly installed, 0 to remove and 67 not upgraded.\nPackage lighttpd is installed.\nLighttpd service is active and responding.\n",
        "passed": true
      }
    ],
    "all_tests_passed": true
  },
  {
    "distro": "debian",
    "os_version": "Linux version 6.10.6-riscv64 (debian-kernel@lists.debian.org) (riscv64-linux-gnu-gcc-13 (Debian 13.3.0-5) 13.3.0, GNU ld (GNU Binutils for Debian) 2.43.1) #1 SMP Debian 6.10.6-1 (2024-08-19)\n",
    "kernel_version": "6.10.6-riscv64\n",
    "package_name": "llvm",
    "package_type": "package",
    "package_version": "1:16.0.6-27+b1",
    "test_results": [
      {
        "test_name": "test.sh",
        "output": "Reading package lists...\nBuilding dependency tree...\nReading state information...\nsudo is already the newest version (1.9.15p5-3+b1).\ncurl is already the newest version (8.9.1-2).\napt-transport-https is already the newest version (2.9.8).\nca-certificates is already the newest version (20240203).\ngnupg is already the newest version (2.2.43-8).\nlsb-release is already the newest version (12.1-1).\nnetcat-openbsd is already the newest version (1.226-1.1).\n0 upgraded, 0 newly installed, 0 to remove and 67 not upgraded.\nPackage llvm is installed.\nLLVM is functioning correctly.\nLLVM is functioning correctly.\n",
        "passed": true
      }
    ],
    "all_tests_passed": true
  },
  {
    "distro": "debian",
    "os_version": "Linux version 6.10.6-riscv64 (debian-kernel@lists.debian.org) (riscv64-linux-gnu-gcc-13 (Debian 13.3.0-5) 13.3.0, GNU ld (GNU Binutils for Debian) 2.43.1) #1 SMP Debian 6.10.6-1 (2024-08-19)\n",
    "kernel_version": "6.10.6-riscv64\n",
    "package_name": "mariadb",
    "package_type": "package",
    "package_version": "1:11.4.3-1",
    "test_results": [
      {
        "test_name": "test.sh",
        "output": "Reading package lists...\nBuilding dependency tree...\nReading state information...\nsudo is already the newest version (1.9.15p5-3+b1).\ncurl is already the newest version (8.9.1-2).\napt-transport-https is already the newest version (2.9.8).\nca-certificates is already the newest version (20240203).\ngnupg is already the newest version (2.2.43-8).\nlsb-release is already the newest version (12.1-1).\nnetcat-openbsd is already the newest version (1.226-1.1).\n0 upgraded, 0 newly installed, 0 to remove and 67 not upgraded.\nPackage mariadb-server is installed.\nMariaDB service is active and responding.\n",
        "passed": true
      }
    ],
    "all_tests_passed": true
  },
  {
    "distro": "debian",
    "os_version": "Linux version 6.10.6-riscv64 (debian-kernel@lists.debian.org) (riscv64-linux-gnu-gcc-13 (Debian 13.3.0-5) 13.3.0, GNU ld (GNU Binutils for Debian) 2.43.1) #1 SMP Debian 6.10.6-1 (2024-08-19)\n",
    "kernel_version": "6.10.6-riscv64\n",
    "package_name": "nginx",
    "package_type": "package",
    "package_version": "1.26.0-2",
    "test_results": [
      {
        "test_name": "test.sh",
        "output": "Reading package lists...\nBuilding dependency tree...\nReading state information...\nsudo is already the newest version (1.9.15p5-3+b1).\ncurl is already the newest version (8.9.1-2).\napt-transport-https is already the newest version (2.9.8).\nca-certificates is already the newest version (20240203).\ngnupg is already the newest version (2.2.43-8).\nlsb-release is already the newest version (12.1-1).\nnetcat-openbsd is already the newest version (1.226-1.1).\n0 upgraded, 0 newly installed, 0 to remove and 67 not upgraded.\nPackage nginx is installed.\nNginx service is active and responding.\n",
        "passed": true
      }
    ],
    "all_tests_passed": true
  },
  {
    "distro": "debian",
    "os_version": "Linux version 6.10.6-riscv64 (debian-kernel@lists.debian.org) (riscv64-linux-gnu-gcc-13 (Debian 13.3.0-5) 13.3.0, GNU ld (GNU Binutils for Debian) 2.43.1) #1 SMP Debian 6.10.6-1 (2024-08-19)\n",
    "kernel_version": "6.10.6-riscv64\n",
    "package_name": "nodejs",
    "package_type": "package",
    "package_version": "20.16.0+dfsg-1",
    "test_results": [
      {
        "test_name": "test.sh",
        "output": "Reading package lists...\nBuilding dependency tree...\nReading state information...\nsudo is already the newest version (1.9.15p5-3+b1).\ncurl is already the newest version (8.9.1-2).\napt-transport-https is already the newest version (2.9.8).\nca-certificates is already the newest version (20240203).\ngnupg is already the newest version (2.2.43-8).\nlsb-release is already the newest version (12.1-1).\nnetcat-openbsd is already the newest version (1.226-1.1).\n0 upgraded, 0 newly installed, 0 to remove and 67 not upgraded.\nPackage nodejs is installed.\nTemp dir: /tmp/tmp.IvggymnsnI\nNode.js is functioning correctly.\nNode.js is functioning correctly.\n",
        "passed": true
      }
    ],
    "all_tests_passed": true
  },
  {
    "distro": "debian",
    "os_version": "Linux version 6.10.6-riscv64 (debian-kernel@lists.debian.org) (riscv64-linux-gnu-gcc-13 (Debian 13.3.0-5) 13.3.0, GNU ld (GNU Binutils for Debian) 2.43.1) #1 SMP Debian 6.10.6-1 (2024-08-19)\n",
    "kernel_version": "6.10.6-riscv64\n",
    "package_name": "numpy",
    "package_type": "package",
    "package_version": "",
    "test_results": [
      {
        "test_name": "test.sh",
        "output": "Reading package lists...\nBuilding dependency tree...\nReading state information...\nsudo is already the newest version (1.9.15p5-3+b1).\ncurl is already the newest version (8.9.1-2).\napt-transport-https is already the newest version (2.9.8).\nca-certificates is already the newest version (20240203).\ngnupg is already the newest version (2.2.43-8).\nlsb-release is already the newest version (12.1-1).\nnetcat-openbsd is already the newest version (1.226-1.1).\n0 upgraded, 0 newly installed, 0 to remove and 67 not upgraded.\nPython 3 is installed.\nNumPy is installed.\nPython and NumPy versions: Python 3.12.5 (1.26.4)\nNumpy is functioning correctly.\nNumpy is functioning correctly.\n",
        "passed": true
      }
    ],
    "all_tests_passed": true
  },
  {
    "distro": "debian",
    "os_version": "Linux version 6.10.6-riscv64 (debian-kernel@lists.debian.org) (riscv64-linux-gnu-gcc-13 (Debian 13.3.0-5) 13.3.0, GNU ld (GNU Binutils for Debian) 2.43.1) #1 SMP Debian 6.10.6-1 (2024-08-19)\n",
    "kernel_version": "6.10.6-riscv64\n",
    "package_name": "ocaml",
    "package_type": "package",
    "package_version": "5.0.1-3+b3",
    "test_results": [
      {
        "test_name": "test.sh",
        "output": "Reading package lists...\nBuilding dependency tree...\nReading state information...\nsudo is already the newest version (1.9.15p5-3+b1).\ncurl is already the newest version (8.9.1-2).\napt-transport-https is already the newest version (2.9.8).\nca-certificates is already the newest version (20240203).\ngnupg is already the newest version (2.2.43-8).\nlsb-release is already the newest version (12.1-1).\nnetcat-openbsd is already the newest version (1.226-1.1).\n0 upgraded, 0 newly installed, 0 to remove and 67 not upgraded.\nPackage ocaml is installed.\nOCaml is functioning correctly.\n",
        "passed": true
      }
    ],
    "all_tests_passed": true
  },
  {
    "distro": "debian",
    "os_version": "Linux version 6.10.6-riscv64 (debian-kernel@lists.debian.org) (riscv64-linux-gnu-gcc-13 (Debian 13.3.0-5) 13.3.0, GNU ld (GNU Binutils for Debian) 2.43.1) #1 SMP Debian 6.10.6-1 (2024-08-19)\n",
    "kernel_version": "6.10.6-riscv64\n",
    "package_name": "openjdk",
    "package_type": "package",
    "package_version": "11.0.24",
    "test_results": [
      {
        "test_name": "test.sh",
        "output": "Reading package lists...\nBuilding dependency tree...\nReading state information...\nsudo is already the newest version (1.9.15p5-3+b1).\ncurl is already the newest version (8.9.1-2).\napt-transport-https is already the newest version (2.9.8).\nca-certificates is already the newest version (20240203).\ngnupg is already the newest version (2.2.43-8).\nlsb-release is already the newest version (12.1-1).\nnetcat-openbsd is already the newest version (1.226-1.1).\n0 upgraded, 0 newly installed, 0 to remove and 67 not upgraded.\nOpenJDK is installed.\nOpenJDK is functioning correctly.\nOpenJDK is functioning correctly.\n",
        "passed": true
      }
    ],
    "all_tests_passed": true
  },
  {
    "distro": "debian",
    "os_version": "Linux version 6.10.6-riscv64 (debian-kernel@lists.debian.org) (riscv64-linux-gnu-gcc-13 (Debian 13.3.0-5) 13.3.0, GNU ld (GNU Binutils for Debian) 2.43.1) #1 SMP Debian 6.10.6-1 (2024-08-19)\n",
    "kernel_version": "6.10.6-riscv64\n",
    "package_name": "perl",
    "package_type": "package",
    "package_version": "5.38.2",
    "test_results": [
      {
        "test_name": "test.sh",
        "output": "Reading package lists...\nBuilding dependency tree...\nReading state information...\nsudo is already the newest version (1.9.15p5-3+b1).\ncurl is already the newest version (8.9.1-2).\napt-transport-https is already the newest version (2.9.8).\nca-certificates is already the newest version (20240203).\ngnupg is already the newest version (2.2.43-8).\nlsb-release is already the newest version (12.1-1).\nnetcat-openbsd is already the newest version (1.226-1.1).\n0 upgraded, 0 newly installed, 0 to remove and 67 not upgraded.\nPerl is installed.\nPerl is functioning correctly.\nPerl is functioning correctly.\n",
        "passed": true
      }
    ],
    "all_tests_passed": true
  },
  {
    "distro": "debian",
    "os_version": "Linux version 6.10.6-riscv64 (debian-kernel@lists.debian.org) (riscv64-linux-gnu-gcc-13 (Debian 13.3.0-5) 13.3.0, GNU ld (GNU Binutils for Debian) 2.43.1) #1 SMP Debian 6.10.6-1 (2024-08-19)\n",
    "kernel_version": "6.10.6-riscv64\n",
    "package_name": "python",
    "package_type": "package",
    "package_version": "3.12.5",
    "test_results": [
      {
        "test_name": "test.sh",
        "output": "Reading package lists...\nBuilding dependency tree...\nReading state information...\nsudo is already the newest version (1.9.15p5-3+b1).\ncurl is already the newest version (8.9.1-2).\napt-transport-https is already the newest version (2.9.8).\nca-certificates is already the newest version (20240203).\ngnupg is already the newest version (2.2.43-8).\nlsb-release is already the newest version (12.1-1).\nnetcat-openbsd is already the newest version (1.226-1.1).\n0 upgraded, 0 newly installed, 0 to remove and 67 not upgraded.\nPython is installed.\nPython is functioning correctly.\nPython is functioning correctly.\n",
        "passed": true
      }
    ],
    "all_tests_passed": true
  },
  {
    "distro": "debian",
    "os_version": "Linux version 6.10.6-riscv64 (debian-kernel@lists.debian.org) (riscv64-linux-gnu-gcc-13 (Debian 13.3.0-5) 13.3.0, GNU ld (GNU Binutils for Debian) 2.43.1) #1 SMP Debian 6.10.6-1 (2024-08-19)\n",
    "kernel_version": "6.10.6-riscv64\n",
    "package_name": "ruby",
    "package_type": "package",
    "package_version": "3.1.2p20",
    "test_results": [
      {
        "test_name": "test.sh",
        "output": "Reading package lists...\nBuilding dependency tree...\nReading state information...\nsudo is already the newest version (1.9.15p5-3+b1).\ncurl is already the newest version (8.9.1-2).\napt-transport-https is already the newest version (2.9.8).\nca-certificates is already the newest version (20240203).\ngnupg is already the newest version (2.2.43-8).\nlsb-release is already the newest version (12.1-1).\nnetcat-openbsd is already the newest version (1.226-1.1).\n0 upgraded, 0 newly installed, 0 to remove and 67 not upgraded.\nRuby is installed.\nRuby is functioning correctly.\nRuby is functioning correctly.\n",
        "passed": true
      }
    ],
    "all_tests_passed": true
  },
  {
    "distro": "debian",
    "os_version": "Linux version 6.10.6-riscv64 (debian-kernel@lists.debian.org) (riscv64-linux-gnu-gcc-13 (Debian 13.3.0-5) 13.3.0, GNU ld (GNU Binutils for Debian) 2.43.1) #1 SMP Debian 6.10.6-1 (2024-08-19)\n",
    "kernel_version": "6.10.6-riscv64\n",
    "package_name": "rust",
    "package_type": "package",
    "package_version": "1.80.1 (1.80.1)",
    "test_results": [
      {
        "test_name": "test.sh",
        "output": "Reading package lists...\nBuilding dependency tree...\nReading state information...\nsudo is already the newest version (1.9.15p5-3+b1).\ncurl is already the newest version (8.9.1-2).\napt-transport-https is already the newest version (2.9.8).\nca-certificates is already the newest version (20240203).\ngnupg is already the newest version (2.2.43-8).\nlsb-release is already the newest version (12.1-1).\nnetcat-openbsd is already the newest version (1.226-1.1).\n0 upgraded, 0 newly installed, 0 to remove and 67 not upgraded.\n[2024-09-19 02:41:51] Current directory: /tmp/lintestor/debian/rust\n[2024-09-19 02:41:51] Created temporary directory: /tmp/tmp.SQlpt2YEBE\n[2024-09-19 02:41:51] Starting Rust test script...\n[2024-09-19 02:41:51] Checking system prerequisites...\n[2024-09-19 02:41:52] System prerequisites check passed.\n[2024-09-19 02:41:52] Rust is installed.\n[2024-09-19 02:41:56] Created temporary directory: /tmp/tmp.JmPu4bTbsi\n[2024-09-19 02:41:56] Creating a new Rust project...\n[2024-09-19 02:42:00] Building the Rust project...\n[2024-09-19 02:42:16] Running the Rust project...\n[2024-09-19 02:42:18] Project output:     Finished `dev` profile [unoptimized + debuginfo] target(s) in 0.61s\n     Running `target/debug/hello_world`\nHello, world!\n[2024-09-19 02:42:18] Cleaned up temporary directory.\n[2024-09-19 02:42:18] Cleaned up temporary directory.\n[2024-09-19 02:42:18] Changed back to original directory: /tmp/lintestor/debian/rust\n[2024-09-19 02:42:19] Rust test passed successfully.\n[2024-09-19 02:42:19] Rust is functioning correctly.\n",
        "passed": true
      }
    ],
    "all_tests_passed": true
  },
  {
    "distro": "debian",
    "os_version": "Linux version 6.10.6-riscv64 (debian-kernel@lists.debian.org) (riscv64-linux-gnu-gcc-13 (Debian 13.3.0-5) 13.3.0, GNU ld (GNU Binutils for Debian) 2.43.1) #1 SMP Debian 6.10.6-1 (2024-08-19)\n",
    "kernel_version": "6.10.6-riscv64\n",
    "package_name": "sqlite",
    "package_type": "package",
    "package_version": "3.46.1",
    "test_results": [
      {
        "test_name": "test.sh",
        "output": "Reading package lists...\nBuilding dependency tree...\nReading state information...\nsudo is already the newest version (1.9.15p5-3+b1).\ncurl is already the newest version (8.9.1-2).\napt-transport-https is already the newest version (2.9.8).\nca-certificates is already the newest version (20240203).\ngnupg is already the newest version (2.2.43-8).\nlsb-release is already the newest version (12.1-1).\nnetcat-openbsd is already the newest version (1.226-1.1).\n0 upgraded, 0 newly installed, 0 to remove and 67 not upgraded.\n[2024-09-19 02:42:31] Current directory: /tmp/lintestor/debian/sqlite\n[2024-09-19 02:42:31] Created temporary directory: /tmp/tmp.95WyJdOGdI\n[2024-09-19 02:42:31] Starting SQLite test script...\n[2024-09-19 02:42:31] Checking system prerequisites...\n[2024-09-19 02:42:31] System prerequisites check passed.\n[2024-09-19 02:42:31] SQLite is installed.\n[2024-09-19 02:42:31] Cleaned up temporary directory.\n[2024-09-19 02:42:31] Creating test database...\n1|Alice\n2|Bob\n[2024-09-19 02:42:32] Querying test database...\n[2024-09-19 02:42:32] Database output:\n[2024-09-19 02:42:32] 1|Alice\n2|Bob\n[2024-09-19 02:42:32] SQLite test passed successfully.\n[2024-09-19 02:42:32] SQLite is functioning correctly.\n",
        "passed": true
      }
    ],
    "all_tests_passed": true
  },
  {
    "distro": "debian",
    "os_version": "Linux version 6.10.6-riscv64 (debian-kernel@lists.debian.org) (riscv64-linux-gnu-gcc-13 (Debian 13.3.0-5) 13.3.0, GNU ld (GNU Binutils for Debian) 2.43.1) #1 SMP Debian 6.10.6-1 (2024-08-19)\n",
    "kernel_version": "6.10.6-riscv64\n",
    "package_name": "varnish",
    "package_type": "package",
    "package_version": "7.5.0",
    "test_results": [
      {
        "test_name": "test.sh",
        "output": "Reading package lists...\nBuilding dependency tree...\nReading state information...\nsudo is already the newest version (1.9.15p5-3+b1).\ncurl is already the newest version (8.9.1-2).\napt-transport-https is already the newest version (2.9.8).\nca-certificates is already the newest version (20240203).\ngnupg is already the newest version (2.2.43-8).\nlsb-release is already the newest version (12.1-1).\nnetcat-openbsd is already the newest version (1.226-1.1).\n0 upgraded, 0 newly installed, 0 to remove and 67 not upgraded.\n[2024-09-19 02:42:43] Current directory: /tmp/lintestor/debian/varnish\n[2024-09-19 02:42:43] Created temporary directory: /tmp/tmp.8KDP49szbr\n[2024-09-19 02:42:43] Starting Varnish test script...\n[2024-09-19 02:42:43] Checking system prerequisites...\n[2024-09-19 02:42:43] System prerequisites check passed.\n[2024-09-19 02:42:43] Varnish is installed. Path: /usr/sbin/varnishd\n[2024-09-19 02:42:43] Verifying Varnish installation again...\n[2024-09-19 02:42:44] Varnish is installed. Path: /usr/sbin/varnishd\n[2024-09-19 02:42:44] Starting Varnish service...\n[2024-09-19 02:42:44] Checking Varnish service status...\n[2024-09-19 02:42:44] Testing Varnish configuration...\n[2024-09-19 02:42:56] Checking Varnish stats...\nMGT.uptime                 465         1.00 Management process uptime\nMGT.child_start              1         0.00 Child process started\nMGT.child_exit               0         0.00 Child process normal exit\nMGT.child_stop               0         0.00 Child process unexpected exit\nMGT.child_died               0         0.00 Child process died (signal)\nMGT.child_dump               0         0.00 Child process core dumped\nMGT.child_panic              0         0.00 Child process panic\nMAIN.summs                   0         0.00 stat summ operations\nMAIN.uptime                466         1.00 Child process uptime\nMAIN.sess_conn               0         0.00 Sessions accepted\nMAIN.sess_fail               0         0.00 Session accept failures\nMAIN.sess_fail_econnaborted            0         0.00 Session accept failures: connection aborted\nMAIN.sess_fail_eintr                   0         0.00 Session accept failures: interrupted system call\nMAIN.sess_fail_emfile                  0         0.00 Session accept failures: too many open files\nMAIN.sess_fail_ebadf                   0         0.00 Session accept failures: bad file descriptor\nMAIN.sess_fail_enomem                  0         0.00 Session accept failures: not enough memory\nMAIN.sess_fail_other                   0         0.00 Session accept failures: other\nMAIN.client_req_400                    0         0.00 Client requests received, subject to 400 errors\nMAIN.client_req_417                    0         0.00 Client requests received, subject to 417 errors\nMAIN.client_req                        0         0.00 Good client requests received\nMAIN.esi_req                           0         0.00 ESI subrequests\nMAIN.cache_hit                         0         0.00 Cache hits\nMAIN.cache_hit_grace                   0         0.00 Cache grace hits\nMAIN.cache_hitpass                     0         0.00 Cache hits for pass.\nMAIN.cache_hitmiss                     0         0.00 Cache hits for miss.\nMAIN.cache_miss                        0         0.00 Cache misses\nMAIN.beresp_uncacheable                0         0.00 Uncacheable backend responses\nMAIN.beresp_shortlived                 0         0.00 Shortlived objects\nMAIN.backend_conn                      0         0.00 Backend conn. success\nMAIN.backend_unhealthy                 0         0.00 Backend conn. not attempted\nMAIN.backend_busy                      0         0.00 Backend conn. too many\nMAIN.backend_fail                      0         0.00 Backend conn. failures\nMAIN.backend_reuse                     0         0.00 Backend conn. reuses\nMAIN.backend_recycle                   0         0.00 Backend conn. recycles\nMAIN.backend_retry                     0         0.00 Backend conn. retry\nMAIN.fetch_head                        0         0.00 Fetch no body (HEAD)\nMAIN.fetch_length                      0         0.00 Fetch with Length\nMAIN.fetch_chunked                     0         0.00 Fetch chunked\nMAIN.fetch_eof                         0         0.00 Fetch EOF\nMAIN.fetch_bad                         0         0.00 Fetch bad T-E\nMAIN.fetch_none                        0         0.00 Fetch no body\nMAIN.fetch_1xx                         0         0.00 Fetch no body (1xx)\nMAIN.fetch_204                         0         0.00 Fetch no body (204)\nMAIN.fetch_304                         0         0.00 Fetch no body (304)\nMAIN.fetch_failed                      0         0.00 Fetch failed (all causes)\nMAIN.bgfetch_no_thread                 0         0.00 Background fetch failed (no thread)\nMAIN.pools                             2          .   Number of thread pools\nMAIN.threads                         200          .   Total number of threads\nMAIN.threads_limited                   0         0.00 Threads hit max\nMAIN.threads_created                 200         0.43 Threads created\nMAIN.threads_destroyed                 0         0.00 Threads destroyed\nMAIN.threads_failed                    0         0.00 Thread creation failed\nMAIN.thread_queue_len                  0          .   Length of session queue\nMAIN.busy_sleep                        0         0.00 Number of requests sent to sleep on busy objhdr\nMAIN.busy_wakeup                       0         0.00 Number of requests woken after sleep on busy objhdr\nMAIN.busy_killed                       0         0.00 Number of requests killed after sleep on busy objhdr\nMAIN.sess_queued                       0         0.00 Sessions queued for thread\nMAIN.sess_dropped                      0         0.00 Sessions dropped for thread\nMAIN.req_dropped                       0         0.00 Requests dropped\nMAIN.req_reset                         0         0.00 Requests reset\nMAIN.n_object                          0          .   object structs made\nMAIN.n_vampireobject                   0          .   unresurrected objects\nMAIN.n_objectcore                      0          .   objectcore structs made\nMAIN.n_objecthead                      0          .   objecthead structs made\nMAIN.n_backend                         1          .   Number of backends\nMAIN.n_expired                         0         0.00 Number of expired objects\nMAIN.n_superseded                      0         0.00 Number of superseded objects\nMAIN.n_lru_nuked                       0         0.00 Number of LRU nuked objects\nMAIN.n_lru_moved                       0         0.00 Number of LRU moved objects\nMAIN.n_lru_limited                     0         0.00 Reached nuke_limit\nMAIN.losthdr                           0         0.00 HTTP header overflows\nMAIN.s_sess                            0         0.00 Total sessions seen\nMAIN.n_pipe                            0          .   Number of ongoing pipe sessions\nMAIN.pipe_limited                      0         0.00 Pipes hit pipe_sess_max\nMAIN.s_pipe                            0         0.00 Total pipe sessions seen\nMAIN.s_pass                            0         0.00 Total pass-ed requests seen\nMAIN.s_fetch                           0         0.00 Total backend fetches initiated\nMAIN.s_bgfetch                         0         0.00 Total backend background fetches initiated\nMAIN.s_synth                           0         0.00 Total synthetic responses made\nMAIN.s_req_hdrbytes                    0         0.00 Request header bytes\nMAIN.s_req_bodybytes                   0         0.00 Request body bytes\nMAIN.s_resp_hdrbytes                   0         0.00 Response header bytes\nMAIN.s_resp_bodybytes                  0         0.00 Response body bytes\nMAIN.s_pipe_hdrbytes                   0         0.00 Pipe request header bytes\nMAIN.s_pipe_in                         0         0.00 Piped bytes from client\nMAIN.s_pipe_out                        0         0.00 Piped bytes to client\nMAIN.sess_closed                       0         0.00 Session Closed\nMAIN.sess_closed_err                   0         0.00 Session Closed with error\nMAIN.sess_readahead                    0         0.00 Session Read Ahead\nMAIN.sess_herd                         0         0.00 Session herd\nMAIN.sc_rem_close                      0         0.00 Session OK  REM_CLOSE\nMAIN.sc_req_close                      0         0.00 Session OK  REQ_CLOSE\nMAIN.sc_req_http10                     0         0.00 Session Err REQ_HTTP10\nMAIN.sc_rx_bad                         0         0.00 Session Err RX_BAD\nMAIN.sc_rx_body                        0         0.00 Session Err RX_BODY\nMAIN.sc_rx_junk                        0         0.00 Session Err RX_JUNK\nMAIN.sc_rx_overflow                    0         0.00 Session Err RX_OVERFLOW\nMAIN.sc_rx_timeout                     0         0.00 Session Err RX_TIMEOUT\nMAIN.sc_rx_close_idle                  0         0.00 Session Err RX_CLOSE_IDLE\nMAIN.sc_tx_pipe                        0         0.00 Session OK  TX_PIPE\nMAIN.sc_tx_error                       0         0.00 Session Err TX_ERROR\nMAIN.sc_tx_eof                         0         0.00 Session OK  TX_EOF\nMAIN.sc_resp_close                     0         0.00 Session OK  RESP_CLOSE\nMAIN.sc_overload                       0         0.00 Session Err OVERLOAD\nMAIN.sc_pipe_overflow                  0         0.00 Session Err PIPE_OVERFLOW\nMAIN.sc_range_short                    0         0.00 Session Err RANGE_SHORT\nMAIN.sc_req_http20                     0         0.00 Session Err REQ_HTTP20\nMAIN.sc_vcl_failure                    0         0.00 Session Err VCL_FAILURE\nMAIN.sc_rapid_reset                    0         0.00 Session Err RAPID_RESET\nMAIN.sc_bankrupt                       0         0.00 Session Err BANKRUPT\nMAIN.client_resp_500                   0         0.00 Delivery failed due to insufficient workspace.\nMAIN.ws_backend_overflow               0         0.00 workspace_backend overflows\nMAIN.ws_client_overflow                0         0.00 workspace_client overflows\nMAIN.ws_thread_overflow                0         0.00 workspace_thread overflows\nMAIN.ws_session_overflow               0         0.00 workspace_session overflows\nMAIN.shm_records                     316         0.68 SHM records\nMAIN.shm_writes                      316         0.68 SHM writes\nMAIN.shm_flushes                       0         0.00 SHM flushes due to overflow\nMAIN.shm_cont                          0         0.00 SHM lock contention\nMAIN.shm_cycles                        0         0.00 SHM cycles through VSL space\nMAIN.shm_bytes                     10172        21.83 SHM bytes\nMAIN.backend_req                       0         0.00 Backend requests made\nMAIN.n_vcl                             1          .   Number of loaded VCLs in total\nMAIN.n_vcl_avail                       1          .   Number of VCLs available\nMAIN.n_vcl_discard                     0          .   Number of discarded VCLs\nMAIN.vcl_fail                          0         0.00 VCL failures\nMAIN.bans                              1          .   Count of bans\nMAIN.bans_completed                    1          .   Number of bans marked 'completed'\nMAIN.bans_obj                          0          .   Number of bans using obj.*\nMAIN.bans_req                          0          .   Number of bans using req.*\nMAIN.bans_added                        1         0.00 Bans added\nMAIN.bans_deleted                      0         0.00 Bans deleted\nMAIN.bans_tested                       0         0.00 Bans tested against objects (lookup)\nMAIN.bans_obj_killed                   0         0.00 Objects killed by bans (lookup)\nMAIN.bans_lurker_tested                0         0.00 Bans tested against objects (lurker)\nMAIN.bans_tests_tested                 0         0.00 Ban tests tested against objects (lookup)\nMAIN.bans_lurker_tests_tested            0         0.00 Ban tests tested against objects (lurker)\nMAIN.bans_lurker_obj_killed              0         0.00 Objects killed by bans (lurker)\nMAIN.bans_lurker_obj_killed_cutoff            0         0.00 Objects killed by bans for cutoff (lurker)\nMAIN.bans_dups                                0         0.00 Bans superseded by other bans\nMAIN.bans_lurker_contention                   0         0.00 Lurker gave way for lookup\nMAIN.bans_persisted_bytes                    16          .   Bytes used by the persisted ban lists\nMAIN.bans_persisted_fragmentation             0          .   Extra bytes in persisted ban lists due to fragmentation\nMAIN.n_purges                                 0         0.00 Number of purge operations executed\nMAIN.n_obj_purged                             0         0.00 Number of purged objects\nMAIN.exp_mailed                               0         0.00 Number of objects mailed to expiry thread\nMAIN.exp_received                             0         0.00 Number of objects received by expiry thread\nMAIN.hcb_nolock                               0         0.00 HCB Lookups without lock\nMAIN.hcb_lock                                 0         0.00 HCB Lookups with lock\nMAIN.hcb_insert                               0         0.00 HCB Inserts\nMAIN.esi_errors                               0         0.00 ESI parse errors (unlock)\nMAIN.esi_warnings                             0         0.00 ESI parse warnings (unlock)\nMAIN.vmods                                    0          .   Loaded VMODs\nMAIN.n_gzip                                   0         0.00 Gzip operations\nMAIN.n_gunzip                                 0         0.00 Gunzip operations\nMAIN.n_test_gunzip                            0         0.00 Test gunzip operations\nMAIN.http1_iovs_flush                         0         0.00 Premature iovec flushes\nLCK.ban.creat                                 1         0.00 Created locks\nLCK.ban.destroy                               0         0.00 Destroyed locks\nLCK.ban.locks                                26         0.06 Lock Operations\nLCK.ban.dbg_busy                              0         0.00 Contended lock operations\nLCK.ban.dbg_try_fail                          0         0.00 Contended trylock operations\nLCK.busyobj.creat                             0         0.00 Created locks\nLCK.busyobj.destroy                           0         0.00 Destroyed locks\nLCK.busyobj.locks                             0         0.00 Lock Operations\nLCK.busyobj.dbg_busy                          0         0.00 Contended lock operations\nLCK.busyobj.dbg_try_fail                      0         0.00 Contended trylock operations\nLCK.cli.creat                                 1         0.00 Created locks\nLCK.cli.destroy                               0         0.00 Destroyed locks\nLCK.cli.locks                               168         0.36 Lock Operations\nLCK.cli.dbg_busy                              0         0.00 Contended lock operations\nLCK.cli.dbg_try_fail                          0         0.00 Contended trylock operations\nLCK.director.creat                            1         0.00 Created locks\nLCK.director.destroy                          0         0.00 Destroyed locks\nLCK.director.locks                            0         0.00 Lock Operations\nLCK.director.dbg_busy                         0         0.00 Contended lock operations\nLCK.director.dbg_try_fail                     0         0.00 Contended trylock operations\nLCK.exp.creat                                 1         0.00 Created locks\nLCK.exp.destroy                               0         0.00 Destroyed locks\nLCK.exp.locks                               150         0.32 Lock Operations\nLCK.exp.dbg_busy                              0         0.00 Contended lock operations\nLCK.exp.dbg_try_fail                          0         0.00 Contended trylock operations\nLCK.hcb.creat                                 1         0.00 Created locks\nLCK.hcb.destroy                               0         0.00 Destroyed locks\nLCK.hcb.locks                                 3         0.01 Lock Operations\nLCK.hcb.dbg_busy                              0         0.00 Contended lock operations\nLCK.hcb.dbg_try_fail                          0         0.00 Contended trylock operations\nLCK.lru.creat                                 2         0.00 Created locks\nLCK.lru.destroy                               0         0.00 Destroyed locks\nLCK.lru.locks                                 0         0.00 Lock Operations\nLCK.lru.dbg_busy                              0         0.00 Contended lock operations\nLCK.lru.dbg_try_fail                          0         0.00 Contended trylock operations\nLCK.mempool.creat                             5         0.01 Created locks\nLCK.mempool.destroy                           0         0.00 Destroyed locks\nLCK.mempool.locks                          2104         4.52 Lock Operations\nLCK.mempool.dbg_busy                          0         0.00 Contended lock operations\nLCK.mempool.dbg_try_fail                      0         0.00 Contended trylock operations\nLCK.objhdr.creat                              1         0.00 Created locks\nLCK.objhdr.destroy                            0         0.00 Destroyed locks\nLCK.objhdr.locks                              0         0.00 Lock Operations\nLCK.objhdr.dbg_busy                           0         0.00 Contended lock operations\nLCK.objhdr.dbg_try_fail                       0         0.00 Contended trylock operations\nLCK.perpool.creat                             2         0.00 Created locks\nLCK.perpool.destroy                           0         0.00 Destroyed locks\nLCK.perpool.locks                           208         0.45 Lock Operations\nLCK.perpool.dbg_busy                          0         0.00 Contended lock operations\nLCK.perpool.dbg_try_fail                      0         0.00 Contended trylock operations\nLCK.pipestat.creat                            1         0.00 Created locks\nLCK.pipestat.destroy                          0         0.00 Destroyed locks\nLCK.pipestat.locks                            0         0.00 Lock Operations\nLCK.pipestat.dbg_busy                         0         0.00 Contended lock operations\nLCK.pipestat.dbg_try_fail                     0         0.00 Contended trylock operations\nLCK.probe.creat                               1         0.00 Created locks\nLCK.probe.destroy                             0         0.00 Destroyed locks\nLCK.probe.locks                               1         0.00 Lock Operations\nLCK.probe.dbg_busy                            0         0.00 Contended lock operations\nLCK.probe.dbg_try_fail                        0         0.00 Contended trylock operations\nLCK.sess.creat                                0         0.00 Created locks\nLCK.sess.destroy                              0         0.00 Destroyed locks\nLCK.sess.locks                                0         0.00 Lock Operations\nLCK.sess.dbg_busy                             0         0.00 Contended lock operations\nLCK.sess.dbg_try_fail                         0         0.00 Contended trylock operations\nLCK.conn_pool.creat                           2         0.00 Created locks\nLCK.conn_pool.destroy                         0         0.00 Destroyed locks\nLCK.conn_pool.locks                           1         0.00 Lock Operations\nLCK.conn_pool.dbg_busy                        0         0.00 Contended lock operations\nLCK.conn_pool.dbg_try_fail                    0         0.00 Contended trylock operations\nLCK.vbe.creat                                 1         0.00 Created locks\nLCK.vbe.destroy                               0         0.00 Destroyed locks\nLCK.vbe.locks                                 1         0.00 Lock Operations\nLCK.vbe.dbg_busy                              0         0.00 Contended lock operations\nLCK.vbe.dbg_try_fail                          0         0.00 Contended trylock operations\nLCK.vcapace.creat                             1         0.00 Created locks\nLCK.vcapace.destroy                           0         0.00 Destroyed locks\nLCK.vcapace.locks                             0         0.00 Lock Operations\nLCK.vcapace.dbg_busy                          0         0.00 Contended lock operations\nLCK.vcapace.dbg_try_fail                      0         0.00 Contended trylock operations\nLCK.vcl.creat                                 1         0.00 Created locks\nLCK.vcl.destroy                               0         0.00 Destroyed locks\nLCK.vcl.locks                                 3         0.01 Lock Operations\nLCK.vcl.dbg_busy                              0         0.00 Contended lock operations\nLCK.vcl.dbg_try_fail                          0         0.00 Contended trylock operations\nLCK.vxid.creat                                1         0.00 Created locks\nLCK.vxid.destroy                              0         0.00 Destroyed locks\nLCK.vxid.locks                                0         0.00 Lock Operations\nLCK.vxid.dbg_busy                             0         0.00 Contended lock operations\nLCK.vxid.dbg_try_fail                         0         0.00 Contended trylock operations\nLCK.waiter.creat                              2         0.00 Created locks\nLCK.waiter.destroy                            0         0.00 Destroyed locks\nLCK.waiter.locks                             10         0.02 Lock Operations\nLCK.waiter.dbg_busy                           0         0.00 Contended lock operations\nLCK.waiter.dbg_try_fail                       0         0.00 Contended trylock operations\nLCK.wq.creat                                  1         0.00 Created locks\nLCK.wq.destroy                                0         0.00 Destroyed locks\nLCK.wq.locks                                667         1.43 Lock Operations\nLCK.wq.dbg_busy                               0         0.00 Contended lock operations\nLCK.wq.dbg_try_fail                           0         0.00 Contended trylock operations\nLCK.wstat.creat                               1         0.00 Created locks\nLCK.wstat.destroy                             0         0.00 Destroyed locks\nLCK.wstat.locks                             162         0.35 Lock Operations\nLCK.wstat.dbg_busy                            0         0.00 Contended lock operations\nLCK.wstat.dbg_try_fail                        0         0.00 Contended trylock operations\nMEMPOOL.busyobj.live                          0          .   In use\nMEMPOOL.busyobj.pool                         10          .   In Pool\nMEMPOOL.busyobj.sz_wanted                 98304          .   Size requested\nMEMPOOL.busyobj.sz_actual                 98272          .   Size allocated\nMEMPOOL.busyobj.allocs                        0         0.00 Allocations\nMEMPOOL.busyobj.frees                         0         0.00 Frees\nMEMPOOL.busyobj.recycle                       0         0.00 Recycled from pool\nMEMPOOL.busyobj.timeout                       0         0.00 Timed out from pool\nMEMPOOL.busyobj.toosmall                      0         0.00 Too small to recycle\nMEMPOOL.busyobj.surplus                       0         0.00 Too many for pool\nMEMPOOL.busyobj.randry                        0         0.00 Pool ran dry\nMEMPOOL.req0.live                             0          .   In use\nMEMPOOL.req0.pool                            10          .   In Pool\nMEMPOOL.req0.sz_wanted                    98304          .   Size requested\nMEMPOOL.req0.sz_actual                    98272          .   Size allocated\nMEMPOOL.req0.allocs                           0         0.00 Allocations\nMEMPOOL.req0.frees                            0         0.00 Frees\nMEMPOOL.req0.recycle                          0         0.00 Recycled from pool\nMEMPOOL.req0.timeout                          0         0.00 Timed out from pool\nMEMPOOL.req0.toosmall                         0         0.00 Too small to recycle\nMEMPOOL.req0.surplus                          0         0.00 Too many for pool\nMEMPOOL.req0.randry                           0         0.00 Pool ran dry\nMEMPOOL.sess0.live                            0          .   In use\nMEMPOOL.sess0.pool                           10          .   In Pool\nMEMPOOL.sess0.sz_wanted                     768          .   Size requested\nMEMPOOL.sess0.sz_actual                     736          .   Size allocated\nMEMPOOL.sess0.allocs                          0         0.00 Allocations\nMEMPOOL.sess0.frees                           0         0.00 Frees\nMEMPOOL.sess0.recycle                         0         0.00 Recycled from pool\nMEMPOOL.sess0.timeout                         0         0.00 Timed out from pool\nMEMPOOL.sess0.toosmall                        0         0.00 Too small to recycle\nMEMPOOL.sess0.surplus                         0         0.00 Too many for pool\nMEMPOOL.sess0.randry                          0         0.00 Pool ran dry\nLCK.sma.creat                                 2         0.00 Created locks\nLCK.sma.destroy                               0         0.00 Destroyed locks\nLCK.sma.locks                                 0         0.00 Lock Operations\nLCK.sma.dbg_busy                              0         0.00 Contended lock operations\nLCK.sma.dbg_try_fail                          0         0.00 Contended trylock operations\nMEMPOOL.req1.live                             0          .   In use\nMEMPOOL.req1.pool                            10          .   In Pool\nMEMPOOL.req1.sz_wanted                    98304          .   Size requested\nMEMPOOL.req1.sz_actual                    98272          .   Size allocated\nMEMPOOL.req1.allocs                           0         0.00 Allocations\nMEMPOOL.req1.frees                            0         0.00 Frees\nMEMPOOL.req1.recycle                          0         0.00 Recycled from pool\nMEMPOOL.req1.timeout                          0         0.00 Timed out from pool\nMEMPOOL.req1.toosmall                         0         0.00 Too small to recycle\nMEMPOOL.req1.surplus                          0         0.00 Too many for pool\nMEMPOOL.req1.randry                           0         0.00 Pool ran dry\nSMA.s0.c_req                                  0         0.00 Allocator requests\nSMA.s0.c_fail                                 0         0.00 Allocator failures\nSMA.s0.c_bytes                                0         0.00 Bytes allocated\nSMA.s0.c_freed                                0         0.00 Bytes freed\nSMA.s0.g_alloc                                0          .   Allocations outstanding\nSMA.s0.g_bytes                                0          .   Bytes outstanding\nSMA.s0.g_space                        268435456          .   Bytes available\nMEMPOOL.sess1.live                            0          .   In use\nMEMPOOL.sess1.pool                           10          .   In Pool\nMEMPOOL.sess1.sz_wanted                     768          .   Size requested\nMEMPOOL.sess1.sz_actual                     736          .   Size allocated\nMEMPOOL.sess1.allocs                          0         0.00 Allocations\nMEMPOOL.sess1.frees                           0         0.00 Frees\nMEMPOOL.sess1.recycle                         0         0.00 Recycled from pool\nMEMPOOL.sess1.timeout                         0         0.00 Timed out from pool\nMEMPOOL.sess1.toosmall                        0         0.00 Too small to recycle\nMEMPOOL.sess1.surplus                         0         0.00 Too many for pool\nMEMPOOL.sess1.randry                          0         0.00 Pool ran dry\nSMA.Transient.c_req                           0         0.00 Allocator requests\nSMA.Transient.c_fail                          0         0.00 Allocator failures\nSMA.Transient.c_bytes                         0         0.00 Bytes allocated\nSMA.Transient.c_freed                         0         0.00 Bytes freed\nSMA.Transient.g_alloc                         0          .   Allocations outstanding\nSMA.Transient.g_bytes                         0          .   Bytes outstanding\nSMA.Transient.g_space                         0          .   Bytes available\nVBE.boot.default.happy                        0          .   Happy health probes\nVBE.boot.default.bereq_hdrbytes               0         0.00 Request header bytes\nVBE.boot.default.bereq_bodybytes              0         0.00 Request body bytes\nVBE.boot.default.beresp_hdrbytes              0         0.00 Response header bytes\nVBE.boot.default.beresp_bodybytes             0         0.00 Response body bytes\nVBE.boot.default.pipe_hdrbytes                0         0.00 Pipe request header bytes\nVBE.boot.default.pipe_out                     0         0.00 Piped bytes to backend\nVBE.boot.default.pipe_in                      0         0.00 Piped bytes from backend\nVBE.boot.default.conn                         0          .   Concurrent connections used\nVBE.boot.default.req                          0         0.00 Backend requests sent\nVBE.boot.default.unhealthy                    0         0.00 Fetches not attempted due to backend being unhealthy\nVBE.boot.default.busy                         0         0.00 Fetches not attempted due to backend being busy\nVBE.boot.default.fail                         0         0.00 Connections failed\nVBE.boot.default.fail_eacces                  0         0.00 Connections failed with EACCES or EPERM\nVBE.boot.default.fail_eaddrnotavail            0         0.00 Connections failed with EADDRNOTAVAIL\nVBE.boot.default.fail_econnrefused             0         0.00 Connections failed with ECONNREFUSED\nVBE.boot.default.fail_enetunreach              0         0.00 Connections failed with ENETUNREACH\nVBE.boot.default.fail_etimedout                0         0.00 Connections failed ETIMEDOUT\nVBE.boot.default.fail_other                    0         0.00 Connections failed for other reason\nVBE.boot.default.helddown                      0         0.00 Connection opens not attempted\n[2024-09-19 02:42:57] Stopping Varnish service...\n[2024-09-19 02:42:58] Varnish functionality test passed successfully.\n[2024-09-19 02:42:58] Varnish is functioning correctly.\n[2024-09-19 02:42:58] Cleaned up temporary directory.\n[2024-09-19 02:42:58] Varnish test script completed.\n",
        "passed": true
      }
    ],
    "all_tests_passed": true
  },
  {
    "distro": "debian",
    "os_version": "Linux version 6.10.6-riscv64 (debian-kernel@lists.debian.org) (riscv64-linux-gnu-gcc-13 (Debian 13.3.0-5) 13.3.0, GNU ld (GNU Binutils for Debian) 2.43.1) #1 SMP Debian 6.10.6-1 (2024-08-19)\n",
    "kernel_version": "6.10.6-riscv64\n",
    "package_name": "openssl",
    "package_type": "package",
    "package_version": "3.3.1",
    "test_results": [
      {
        "test_name": "test.sh",
        "output": "Reading package lists...\nBuilding dependency tree...\nReading state information...\nsudo is already the newest version (1.9.15p5-3+b1).\ncurl is already the newest version (8.9.1-2).\napt-transport-https is already the newest version (2.9.8).\nca-certificates is already the newest version (20240203).\ngnupg is already the newest version (2.2.43-8).\nlsb-release is already the newest version (12.1-1).\nnetcat-openbsd is already the newest version (1.226-1.1).\n0 upgraded, 0 newly installed, 0 to remove and 67 not upgraded.\nOpenSSL is installed.\nOpenSSL encryption and decryption test passed.\nOpenSSL is functioning correctly.\n",
        "passed": true
      }
    ],
    "all_tests_passed": true
  },
  {
    "distro": "debian",
    "os_version": "Linux version 6.10.6-riscv64 (debian-kernel@lists.debian.org) (riscv64-linux-gnu-gcc-13 (Debian 13.3.0-5) 13.3.0, GNU ld (GNU Binutils for Debian) 2.43.1) #1 SMP Debian 6.10.6-1 (2024-08-19)\n",
    "kernel_version": "6.10.6-riscv64\n",
    "package_name": "postgresql",
    "package_type": "package",
    "package_version": "16.4",
    "test_results": [
      {
        "test_name": "test.sh",
        "output": "Reading package lists...\nBuilding dependency tree...\nReading state information...\nsudo is already the newest version (1.9.15p5-3+b1).\ncurl is already the newest version (8.9.1-2).\napt-transport-https is already the newest version (2.9.8).\nca-certificates is already the newest version (20240203).\ngnupg is already the newest version (2.2.43-8).\nlsb-release is already the newest version (12.1-1).\nnetcat-openbsd is already the newest version (1.226-1.1).\n0 upgraded, 0 newly installed, 0 to remove and 67 not upgraded.\nPostgreSQL is installed.\nCREATE ROLE\nDROP ROLE\nPostgreSQL is functioning correctly.\nPostgreSQL is functioning correctly.\n",
        "passed": true
      }
    ],
    "all_tests_passed": true
  },
  {
    "distro": "debian",
    "os_version": "Linux version 6.10.6-riscv64 (debian-kernel@lists.debian.org) (riscv64-linux-gnu-gcc-13 (Debian 13.3.0-5) 13.3.0, GNU ld (GNU Binutils for Debian) 2.43.1) #1 SMP Debian 6.10.6-1 (2024-08-19)\n",
    "kernel_version": "6.10.6-riscv64\n",
    "package_name": "redis",
    "package_type": "package",
    "package_version": "7.0.15",
    "test_results": [
      {
        "test_name": "test.sh",
        "output": "Reading package lists...\nBuilding dependency tree...\nReading state information...\nsudo is already the newest version (1.9.15p5-3+b1).\ncurl is already the newest version (8.9.1-2).\napt-transport-https is already the newest version (2.9.8).\nca-certificates is already the newest version (20240203).\ngnupg is already the newest version (2.2.43-8).\nlsb-release is already the newest version (12.1-1).\nnetcat-openbsd is already the newest version (1.226-1.1).\n0 upgraded, 0 newly installed, 0 to remove and 67 not upgraded.\nRedis is installed.\nRedis is functioning correctly.\nRedis is functioning correctly.\n",
        "passed": true
      }
    ],
    "all_tests_passed": true
  },
  {
    "distro": "debian",
    "os_version": "Linux version 6.10.6-riscv64 (debian-kernel@lists.debian.org) (riscv64-linux-gnu-gcc-13 (Debian 13.3.0-5) 13.3.0, GNU ld (GNU Binutils for Debian) 2.43.1) #1 SMP Debian 6.10.6-1 (2024-08-19)\n",
    "kernel_version": "6.10.6-riscv64\n",
    "package_name": "runc",
    "package_type": "package",
    "package_version": "",
    "test_results": [
      {
        "test_name": "test.sh",
        "output": "Reading package lists...\nBuilding dependency tree...\nReading state information...\nsudo is already the newest version (1.9.15p5-3+b1).\ncurl is already the newest version (8.9.1-2).\napt-transport-https is already the newest version (2.9.8).\nca-certificates is already the newest version (20240203).\ngnupg is already the newest version (2.2.43-8).\nlsb-release is already the newest version (12.1-1).\nnetcat-openbsd is already the newest version (1.226-1.1).\n0 upgraded, 0 newly installed, 0 to remove and 67 not upgraded.\n[2024-09-19 02:43:55] Starting runC test script...\n[2024-09-19 02:43:55] Checking system prerequisites...\n[2024-09-19 02:43:55] Kernel version: 6.10.6-riscv64\n[2024-09-19 02:43:57] System prerequisites check completed.\n[2024-09-19 02:43:57] runC is installed.\n[2024-09-19 02:43:57] Created temporary directory: /tmp/tmp.EAOZ0WVINj\n[2024-09-19 02:43:58] Created config.json in /tmp/tmp.EAOZ0WVINj/bundle\n[2024-09-19 02:43:58] Attempting to run runc container...\n[2024-09-19 02:43:59] Failed to run runc container. Output:\n[2024-09-19 02:43:59] time=\"2024-09-19T02:43:58Z\" level=error msg=\"runc run failed: unable to start container process: error during container init: error reopening /dev/null inside container: open /dev/null: permission denied\"\n[2024-09-19 02:43:59] runC is not functioning correctly.\n",
        "passed": false
      }
    ],
    "all_tests_passed": false
  },
  {
    "distro": "debian",
    "os_version": "Linux version 6.10.6-riscv64 (debian-kernel@lists.debian.org) (riscv64-linux-gnu-gcc-13 (Debian 13.3.0-5) 13.3.0, GNU ld (GNU Binutils for Debian) 2.43.1) #1 SMP Debian 6.10.6-1 (2024-08-19)\n",
    "kernel_version": "6.10.6-riscv64\n",
    "package_name": "scipy",
    "package_type": "package",
    "package_version": "1.13.1 (python 3.12.5)",
    "test_results": [
      {
        "test_name": "test.sh",
        "output": "Reading package lists...\nBuilding dependency tree...\nReading state information...\nsudo is already the newest version (1.9.15p5-3+b1).\ncurl is already the newest version (8.9.1-2).\napt-transport-https is already the newest version (2.9.8).\nca-certificates is already the newest version (20240203).\ngnupg is already the newest version (2.2.43-8).\nlsb-release is already the newest version (12.1-1).\nnetcat-openbsd is already the newest version (1.226-1.1).\n0 upgraded, 0 newly installed, 0 to remove and 67 not upgraded.\n[2024-09-19 02:44:09] Current directory: /tmp/lintestor/debian/scipy\n[2024-09-19 02:44:09] Created temporary directory: /tmp/tmp.SwzVnIDL9M\n[2024-09-19 02:44:09] Starting SciPy test script...\n[2024-09-19 02:44:09] Checking system prerequisites...\n[2024-09-19 02:44:10] System prerequisites check passed.\n[2024-09-19 02:44:14] SciPy is installed.\n[2024-09-19 02:44:18] Created temporary directory: /tmp/tmp.tKjxOJOmI5\n[2024-09-19 02:44:18] Running the SciPy test script...\n[2024-09-19 02:44:31] Script output:\n[2024-09-19 02:44:31] Mean: 0.0325\nStandard Deviation: 1.0025\nT-statistic: 1.0241\nP-value: 0.3060\n[2024-09-19 02:44:31] Cleaned up temporary directory.\n[2024-09-19 02:44:31] Changed back to original directory: /tmp/lintestor/debian/scipy\n[2024-09-19 02:44:31] SciPy test passed successfully.\n[2024-09-19 02:44:31] SciPy is functioning correctly.\n",
        "passed": true
      }
    ],
    "all_tests_passed": true
  },
  {
    "distro": "debian",
    "os_version": "Linux version 6.10.6-riscv64 (debian-kernel@lists.debian.org) (riscv64-linux-gnu-gcc-13 (Debian 13.3.0-5) 13.3.0, GNU ld (GNU Binutils for Debian) 2.43.1) #1 SMP Debian 6.10.6-1 (2024-08-19)\n",
    "kernel_version": "6.10.6-riscv64\n",
    "package_name": "squid",
    "package_type": "package",
    "package_version": "6.10",
    "test_results": [
      {
        "test_name": "test.sh",
        "output": "Reading package lists...\nBuilding dependency tree...\nReading state information...\nsudo is already the newest version (1.9.15p5-3+b1).\ncurl is already the newest version (8.9.1-2).\napt-transport-https is already the newest version (2.9.8).\nca-certificates is already the newest version (20240203).\ngnupg is already the newest version (2.2.43-8).\nlsb-release is already the newest version (12.1-1).\nnetcat-openbsd is already the newest version (1.226-1.1).\n0 upgraded, 0 newly installed, 0 to remove and 67 not upgraded.\n[2024-09-19 02:44:42] Current directory: /tmp/lintestor/debian/squid\n[2024-09-19 02:44:43] Created temporary directory: /tmp/tmp.od5ARBthPU\n[2024-09-19 02:44:43] Starting Squid test script...\n[2024-09-19 02:44:43] Checking system prerequisites...\n[2024-09-19 02:44:43] System prerequisites check passed.\n[2024-09-19 02:44:43] Squid is installed. Path: /usr/sbin/squid\n[2024-09-19 02:44:43] Verifying Squid installation again...\n[2024-09-19 02:44:43] Squid is installed. Path: /usr/sbin/squid\n[2024-09-19 02:44:43] Starting Squid service...\n[2024-09-19 02:44:44] Checking Squid service status...\n[2024-09-19 02:44:45] Testing Squid configuration...\n[2024-09-19 02:44:46] Stopping Squid service...\n[2024-09-19 02:45:19] Squid functionality test passed successfully.\n[2024-09-19 02:45:19] Squid is functioning correctly.\n[2024-09-19 02:45:19] Cleaned up temporary directory.\n[2024-09-19 02:45:19] Squid test script completed.\n",
        "passed": true
      }
    ],
    "all_tests_passed": true
  },
  {
    "distro": "debian",
    "os_version": "Linux version 6.10.6-riscv64 (debian-kernel@lists.debian.org) (riscv64-linux-gnu-gcc-13 (Debian 13.3.0-5) 13.3.0, GNU ld (GNU Binutils for Debian) 2.43.1) #1 SMP Debian 6.10.6-1 (2024-08-19)\n",
    "kernel_version": "6.10.6-riscv64\n",
    "package_name": "zookeeper",
    "package_type": "package",
    "package_version": "",
    "test_results": [
      {
        "test_name": "test.sh",
        "output": "Reading package lists...\nBuilding dependency tree...\nReading state information...\nsudo is already the newest version (1.9.15p5-3+b1).\ncurl is already the newest version (8.9.1-2).\napt-transport-https is already the newest version (2.9.8).\nca-certificates is already the newest version (20240203).\ngnupg is already the newest version (2.2.43-8).\nlsb-release is already the newest version (12.1-1).\nnetcat-openbsd is already the newest version (1.226-1.1).\n0 upgraded, 0 newly installed, 0 to remove and 67 not upgraded.\n[2024-09-19 02:45:31] Current directory: /tmp/lintestor/debian/zookeeper\n[2024-09-19 02:45:31] Created temporary directory: /tmp/tmp.fc50sKK4Dp\n[2024-09-19 02:45:31] Starting ZooKeeper test script...\n[2024-09-19 02:45:31] Checking system prerequisites...\n[2024-09-19 02:45:31] System prerequisites check passed.\n[2024-09-19 02:45:31] ZooKeeper is installed. Path: /opt/zookeeper\n[2024-09-19 02:45:31] Verifying ZooKeeper installation again...\n[2024-09-19 02:45:31] ZooKeeper is installed. Path: /opt/zookeeper\n[2024-09-19 02:45:36] Starting ZooKeeper server...\n/usr/bin/java\nStarting zookeeper ... STARTED\n[2024-09-19 02:45:44] Checking ZooKeeper server status...\n/usr/bin/java\nClient port found: 2181. Client address: localhost. Client SSL: false.\nError contacting service. It is probably not running.\n[2024-09-19 02:46:03] ZooKeeper server is not running properly.\n[2024-09-19 02:46:03] ZooKeeper is not functioning correctly.\n[2024-09-19 02:46:03] Cleaned up temporary directory.\n[2024-09-19 02:46:03] ZooKeeper test script completed.\n",
        "passed": false
      }
    ],
    "all_tests_passed": false
  },
  {
    "distro": "bianbu",
    "os_version": "Linux version 6.1.15 (root@bianbu-build-deb-37zn1-v692p) (gcc (Ubuntu 13.2.0-4ubuntu3-bb2) 13.2.0, GNU ld (GNU Binutils for Ubuntu) 2.41) #1.0 SMP PREEMPT Thu May 30 13:16:13 UTC 2024\n",
    "kernel_version": "6.1.15\n",
    "package_name": "apache",
    "package_type": "package",
    "package_version": "2.4.57-2ubuntu2.1",
    "test_results": [
      {
        "test_name": "test.sh",
        "output": "Package apache2 is installed.\nApache service is running.\nApache service state has been restored.\n",
        "passed": true
      }
    ],
    "all_tests_passed": true
  },
  {
    "distro": "bianbu",
    "os_version": "Linux version 6.1.15 (root@bianbu-build-deb-37zn1-v692p) (gcc (Ubuntu 13.2.0-4ubuntu3-bb2) 13.2.0, GNU ld (GNU Binutils for Ubuntu) 2.41) #1.0 SMP PREEMPT Thu May 30 13:16:13 UTC 2024\n",
    "kernel_version": "6.1.15\n",
    "package_name": "clang",
    "package_type": "package",
    "package_version": "16.0.6 (15)",
    "test_results": [
      {
        "test_name": "test.sh",
        "output": "Hello, World!\n",
        "passed": true
      }
    ],
    "all_tests_passed": true
  },
  {
    "distro": "bianbu",
    "os_version": "Linux version 6.1.15 (root@bianbu-build-deb-37zn1-v692p) (gcc (Ubuntu 13.2.0-4ubuntu3-bb2) 13.2.0, GNU ld (GNU Binutils for Ubuntu) 2.41) #1.0 SMP PREEMPT Thu May 30 13:16:13 UTC 2024\n",
    "kernel_version": "6.1.15\n",
    "package_name": "cmake",
    "package_type": "package",
    "package_version": "3.27.4",
    "test_results": [
      {
        "test_name": "test.sh",
        "output": "-- Configuring done (0.1s)\n-- Generating done (0.0s)\n-- Build files have been written to: /tmp/cmake_test_dir\n[ 50%] Building CXX object CMakeFiles/test_app.dir/main.cpp.o\n[100%] Linking CXX executable test_app\n[100%] Built target test_app\n",
        "passed": true
      }
    ],
    "all_tests_passed": true
  },
  {
    "distro": "bianbu",
    "os_version": "Linux version 6.1.15 (root@bianbu-build-deb-37zn1-v692p) (gcc (Ubuntu 13.2.0-4ubuntu3-bb2) 13.2.0, GNU ld (GNU Binutils for Ubuntu) 2.41) #1.0 SMP PREEMPT Thu May 30 13:16:13 UTC 2024\n",
    "kernel_version": "6.1.15\n",
    "package_name": "docker",
    "package_type": "package",
    "package_version": "",
    "test_results": [
      {
        "test_name": "test.sh",
        "output": "Skip docker test\n",
        "passed": true
      }
    ],
    "all_tests_passed": true
  },
  {
    "distro": "bianbu",
    "os_version": "Linux version 6.1.15 (root@bianbu-build-deb-37zn1-v692p) (gcc (Ubuntu 13.2.0-4ubuntu3-bb2) 13.2.0, GNU ld (GNU Binutils for Ubuntu) 2.41) #1.0 SMP PREEMPT Thu May 30 13:16:13 UTC 2024\n",
    "kernel_version": "6.1.15\n",
    "package_name": "erlang",
    "package_type": "package",
    "package_version": "1:25.2.3+dfsg-1",
    "test_results": [
      {
        "test_name": "test.sh",
        "output": "Package erlang is installed.\nErlang is functioning correctly.\n",
        "passed": true
      }
    ],
    "all_tests_passed": true
  },
  {
    "distro": "bianbu",
    "os_version": "Linux version 6.1.15 (root@bianbu-build-deb-37zn1-v692p) (gcc (Ubuntu 13.2.0-4ubuntu3-bb2) 13.2.0, GNU ld (GNU Binutils for Ubuntu) 2.41) #1.0 SMP PREEMPT Thu May 30 13:16:13 UTC 2024\n",
    "kernel_version": "6.1.15\n",
    "package_name": "gcc",
    "package_type": "package",
    "package_version": "13.2.0",
    "test_results": [
      {
        "test_name": "test.sh",
        "output": "Checking for GCC and dependencies...\nGCC is installed.\nVerifying GCC...\nGCC verification passed.\n",
        "passed": true
      },
      {
        "test_name": "run_tests.sh",
        "output": "",
        "passed": false
      }
    ],
    "all_tests_passed": false
  },
  {
    "distro": "bianbu",
    "os_version": "Linux version 6.1.15 (root@bianbu-build-deb-37zn1-v692p) (gcc (Ubuntu 13.2.0-4ubuntu3-bb2) 13.2.0, GNU ld (GNU Binutils for Ubuntu) 2.41) #1.0 SMP PREEMPT Thu May 30 13:16:13 UTC 2024\n",
    "kernel_version": "6.1.15\n",
    "package_name": "gdb",
    "package_type": "package",
    "package_version": "GNU gdb (Ubuntu 14.0.50.20230907-0ubuntu1-bb1) 14.0.50.20230907-git",
    "test_results": [
      {
        "test_name": "test.sh",
        "output": "Package gdb is installed.\nGNU gdb (Ubuntu 14.0.50.20230907-0ubuntu1-bb1) 14.0.50.20230907-git\nGDB is functioning correctly.\n",
        "passed": true
      }
    ],
    "all_tests_passed": true
  },
  {
    "distro": "bianbu",
    "os_version": "Linux version 6.1.15 (root@bianbu-build-deb-37zn1-v692p) (gcc (Ubuntu 13.2.0-4ubuntu3-bb2) 13.2.0, GNU ld (GNU Binutils for Ubuntu) 2.41) #1.0 SMP PREEMPT Thu May 30 13:16:13 UTC 2024\n",
    "kernel_version": "6.1.15\n",
    "package_name": "golang",
    "package_type": "package",
    "package_version": "2:1.21~2",
    "test_results": [
      {
        "test_name": "test.sh",
        "output": "Package golang-go is installed.\nGo program compiled and ran successfully.\nGo is functioning correctly.\n",
        "passed": true
      }
    ],
    "all_tests_passed": true
  },
  {
    "distro": "bianbu",
    "os_version": "Linux version 6.1.15 (root@bianbu-build-deb-37zn1-v692p) (gcc (Ubuntu 13.2.0-4ubuntu3-bb2) 13.2.0, GNU ld (GNU Binutils for Ubuntu) 2.41) #1.0 SMP PREEMPT Thu May 30 13:16:13 UTC 2024\n",
    "kernel_version": "6.1.15\n",
    "package_name": "haproxy",
    "package_type": "package",
    "package_version": "2.6.15-1ubuntu2",
    "test_results": [
      {
        "test_name": "test.sh",
        "output": "Package haproxy is installed.\nHAProxy service is active.\n",
        "passed": true
      }
    ],
    "all_tests_passed": true
  },
  {
    "distro": "bianbu",
    "os_version": "Linux version 6.1.15 (root@bianbu-build-deb-37zn1-v692p) (gcc (Ubuntu 13.2.0-4ubuntu3-bb2) 13.2.0, GNU ld (GNU Binutils for Ubuntu) 2.41) #1.0 SMP PREEMPT Thu May 30 13:16:13 UTC 2024\n",
    "kernel_version": "6.1.15\n",
    "package_name": "libmemcached",
    "package_type": "package",
    "package_version": "",
    "test_results": [
      {
        "test_name": "test.sh",
        "output": "Package libmemcached11t64 is not installed. Attempting to install...\n:1 http://archive.spacemit.com/bianbu-ports mantic/snapshots/v1.0 InRelease\n:2 http://archive.spacemit.com/bianbu-ports mantic-security/snapshots/v1.0 InRelease\n:3 http://archive.spacemit.com/bianbu-ports mantic-spacemit/snapshots/v1.0 InRelease\n:4 http://archive.spacemit.com/bianbu-ports mantic-porting/snapshots/v1.0 InRelease\n:5 http://archive.spacemit.com/bianbu-ports mantic-customization/snapshots/v1.0 InRelease\n...\n...\n...\n...\nFailed to install package libmemcached11t64.\n",
        "passed": false
      }
    ],
    "all_tests_passed": false
  },
  {
    "distro": "bianbu",
    "os_version": "Linux version 6.1.15 (root@bianbu-build-deb-37zn1-v692p) (gcc (Ubuntu 13.2.0-4ubuntu3-bb2) 13.2.0, GNU ld (GNU Binutils for Ubuntu) 2.41) #1.0 SMP PREEMPT Thu May 30 13:16:13 UTC 2024\n",
    "kernel_version": "6.1.15\n",
    "package_name": "lighttpd",
    "package_type": "package",
    "package_version": "1.4.69-1ubuntu1",
    "test_results": [
      {
        "test_name": "test.sh",
        "output": "Package lighttpd is installed.\nLighttpd service is active and responding.\n",
        "passed": true
      }
    ],
    "all_tests_passed": true
  },
  {
    "distro": "bianbu",
    "os_version": "Linux version 6.1.15 (root@bianbu-build-deb-37zn1-v692p) (gcc (Ubuntu 13.2.0-4ubuntu3-bb2) 13.2.0, GNU ld (GNU Binutils for Ubuntu) 2.41) #1.0 SMP PREEMPT Thu May 30 13:16:13 UTC 2024\n",
    "kernel_version": "6.1.15\n",
    "package_name": "llvm",
    "package_type": "package",
    "package_version": "1:15.0.7-10",
    "test_results": [
      {
        "test_name": "test.sh",
        "output": "Package llvm is installed.\nLLVM is functioning correctly.\nLLVM is functioning correctly.\n",
        "passed": true
      }
    ],
    "all_tests_passed": true
  },
  {
    "distro": "bianbu",
    "os_version": "Linux version 6.1.15 (root@bianbu-build-deb-37zn1-v692p) (gcc (Ubuntu 13.2.0-4ubuntu3-bb2) 13.2.0, GNU ld (GNU Binutils for Ubuntu) 2.41) #1.0 SMP PREEMPT Thu May 30 13:16:13 UTC 2024\n",
    "kernel_version": "6.1.15\n",
    "package_name": "mariadb",
    "package_type": "package",
    "package_version": "1:10.11.4-1",
    "test_results": [
      {
        "test_name": "test.sh",
        "output": "Package mariadb-server is installed.\nMariaDB service is active and responding.\n",
        "passed": true
      }
    ],
    "all_tests_passed": true
  },
  {
    "distro": "bianbu",
    "os_version": "Linux version 6.1.15 (root@bianbu-build-deb-37zn1-v692p) (gcc (Ubuntu 13.2.0-4ubuntu3-bb2) 13.2.0, GNU ld (GNU Binutils for Ubuntu) 2.41) #1.0 SMP PREEMPT Thu May 30 13:16:13 UTC 2024\n",
    "kernel_version": "6.1.15\n",
    "package_name": "nginx",
    "package_type": "package",
    "package_version": "1.24.0-1ubuntu1",
    "test_results": [
      {
        "test_name": "test.sh",
        "output": "Package nginx is not installed. Attempting to install...\n:1 http://archive.spacemit.com/bianbu-ports mantic/snapshots/v1.0 InRelease\n:2 http://archive.spacemit.com/bianbu-ports mantic-security/snapshots/v1.0 InRelease\n:3 http://archive.spacemit.com/bianbu-ports mantic-spacemit/snapshots/v1.0 InRelease\n:4 http://archive.spacemit.com/bianbu-ports mantic-porting/snapshots/v1.0 InRelease\n:5 http://archive.spacemit.com/bianbu-ports mantic-customization/snapshots/v1.0 InRelease\n...\n...\n...\n...\n\n  nginx-common\n\n  fcgiwrap nginx-doc\n\n  nginx nginx-common\n 0  2  0  0 \n 570 kB \n 1,388 kB \n:1 http://archive.spacemit.com/bianbu-ports mantic/snapshots/v1.0/main riscv64 nginx-common all 1.24.0-1ubuntu1 [44.8 kB]\n:2 http://archive.spacemit.com/bianbu-ports mantic/snapshots/v1.0/main riscv64 nginx riscv64 1.24.0-1ubuntu1 [525 kB]\n ...\n 570 kB 0 (1,404 kB/s)\n nginx-common\r\n( ... \r( ... 5%\r( ... 10%\r( ... 15%\r( ... 20%\r( ... 25%\r( ... 30%\r( ... 35%\r( ... 40%\r( ... 45%\r( ... 50%\r( ... 55%\r( ... 60%\r( ... 65%\r( ... 70%\r( ... 75%\r( ... 80%\r( ... 85%\r( ... 90%\r( ... 95%\r( ... 100%\r( ...  252816 )\r\n .../nginx-common_1.24.0-1ubuntu1_all.deb  ...\r\n nginx-common (1.24.0-1ubuntu1) ...\r\n nginx\r\n .../nginx_1.24.0-1ubuntu1_riscv64.deb  ...\r\n nginx (1.24.0-1ubuntu1) ...\r\n nginx-common (1.24.0-1ubuntu1) ...\r\nCreated symlink /etc/systemd/system/multi-user.target.wants/nginx.service  /lib/systemd/system/nginx.service.\r\nCould not execute systemctl:  at /usr/bin/deb-systemd-invoke line 145.\r\n nginx (1.24.0-1ubuntu1) ...\r\nNot attempting to start NGINX, port 80 is already in use.\r\n man-db (2.11.2-3)  ...\r\nPackage nginx installed successfully.\nNginx service is active and responding.\n",
        "passed": true
      }
    ],
    "all_tests_passed": true
  },
  {
    "distro": "bianbu",
    "os_version": "Linux version 6.1.15 (root@bianbu-build-deb-37zn1-v692p) (gcc (Ubuntu 13.2.0-4ubuntu3-bb2) 13.2.0, GNU ld (GNU Binutils for Ubuntu) 2.41) #1.0 SMP PREEMPT Thu May 30 13:16:13 UTC 2024\n",
    "kernel_version": "6.1.15\n",
    "package_name": "nodejs",
    "package_type": "package",
    "package_version": "18.13.0+dfsg1-1ubuntu2",
    "test_results": [
      {
        "test_name": "test.sh",
        "output": "Package nodejs is not installed. Attempting to install...\n:1 http://archive.spacemit.com/bianbu-ports mantic/snapshots/v1.0 InRelease\n:2 http://archive.spacemit.com/bianbu-ports mantic-security/snapshots/v1.0 InRelease\n:3 http://archive.spacemit.com/bianbu-ports mantic-spacemit/snapshots/v1.0 InRelease\n:4 http://archive.spacemit.com/bianbu-ports mantic-porting/snapshots/v1.0 InRelease\n:5 http://archive.spacemit.com/bianbu-ports mantic-customization/snapshots/v1.0 InRelease\n...\n...\n...\n...\n\n  libc-ares2 libnode108 node-acorn node-busboy node-cjs-module-lexer\n  node-undici node-xtend nodejs-doc\n\n  npm\n\n  libc-ares2 libnode108 node-acorn node-busboy node-cjs-module-lexer\n  node-undici node-xtend nodejs nodejs-doc\n 0  9  0  0 \n 15.5 MB \n 62.4 MB \n:1 http://archive.spacemit.com/bianbu-ports mantic/snapshots/v1.0/main riscv64 libc-ares2 riscv64 1.19.1-3 [49.8 kB]\n:2 http://archive.spacemit.com/bianbu-ports mantic/snapshots/v1.0/universe riscv64 node-xtend all 4.0.2-3 [3,792 B]\n:3 http://archive.spacemit.com/bianbu-ports mantic/snapshots/v1.0/universe riscv64 nodejs riscv64 18.13.0+dfsg1-1ubuntu2 [294 kB]\n:4 http://archive.spacemit.com/bianbu-ports mantic/snapshots/v1.0/universe riscv64 node-acorn all 8.8.1+ds+~cs25.17.7-2 [134 kB]\n:5 http://archive.spacemit.com/bianbu-ports mantic/snapshots/v1.0/universe riscv64 node-cjs-module-lexer all 1.2.2+dfsg-5 [31.3 kB]\n:6 http://archive.spacemit.com/bianbu-ports mantic/snapshots/v1.0/universe riscv64 node-busboy all 1.6.0+~cs2.6.0-2 [17.2 kB]\n:7 http://archive.spacemit.com/bianbu-ports mantic/snapshots/v1.0/universe riscv64 node-undici all 5.22.1+dfsg1+~cs20.10.10.2-1ubuntu1 [303 kB]\n:8 http://archive.spacemit.com/bianbu-ports mantic/snapshots/v1.0/universe riscv64 libnode108 riscv64 18.13.0+dfsg1-1ubuntu2 [11.3 MB]\n:9 http://archive.spacemit.com/bianbu-ports mantic/snapshots/v1.0/universe riscv64 nodejs-doc all 18.13.0+dfsg1-1ubuntu2 [3,340 kB]\n 15.5 MB 1 (10.4 MB/s)\n libc-ares2:riscv64\r\n( ... \r( ... 5%\r( ... 10%\r( ... 15%\r( ... 20%\r( ... 25%\r( ... 30%\r( ... 35%\r( ... 40%\r( ... 45%\r( ... 50%\r( ... 55%\r( ... 60%\r( ... 65%\r( ... 70%\r( ... 75%\r( ... 80%\r( ... 85%\r( ... 90%\r( ... 95%\r( ... 100%\r( ...  252862 )\r\n .../0-libc-ares2_1.19.1-3_riscv64.deb  ...\r\n libc-ares2:riscv64 (1.19.1-3) ...\r\n node-xtend\r\n .../1-node-xtend_4.0.2-3_all.deb  ...\r\n node-xtend (4.0.2-3) ...\r\n nodejs\r\n .../2-nodejs_18.13.0+dfsg1-1ubuntu2_riscv64.deb  ...\r\n nodejs (18.13.0+dfsg1-1ubuntu2) ...\r\n node-acorn\r\n .../3-node-acorn_8.8.1+ds+~cs25.17.7-2_all.deb  ...\r\n node-acorn (8.8.1+ds+~cs25.17.7-2) ...\r\n node-cjs-module-lexer\r\n .../4-node-cjs-module-lexer_1.2.2+dfsg-5_all.deb  ...\r\n node-cjs-module-lexer (1.2.2+dfsg-5) ...\r\n node-busboy\r\n .../5-node-busboy_1.6.0+~cs2.6.0-2_all.deb  ...\r\n node-busboy (1.6.0+~cs2.6.0-2) ...\r\n node-undici\r\n .../6-node-undici_5.22.1+dfsg1+~cs20.10.10.2-1ubuntu1_all.deb  ...\r\n node-undici (5.22.1+dfsg1+~cs20.10.10.2-1ubuntu1) ...\r\n libnode108:riscv64\r\n .../7-libnode108_18.13.0+dfsg1-1ubuntu2_riscv64.deb  ...\r\n libnode108:riscv64 (18.13.0+dfsg1-1ubuntu2) ...\r\n nodejs-doc\r\n .../8-nodejs-doc_18.13.0+dfsg1-1ubuntu2_all.deb  ...\r\n nodejs-doc (18.13.0+dfsg1-1ubuntu2) ...\r\n node-cjs-module-lexer (1.2.2+dfsg-5) ...\r\n libc-ares2:riscv64 (1.19.1-3) ...\r\n nodejs-doc (18.13.0+dfsg1-1ubuntu2) ...\r\n node-xtend (4.0.2-3) ...\r\n node-busboy (1.6.0+~cs2.6.0-2) ...\r\n node-undici (5.22.1+dfsg1+~cs20.10.10.2-1ubuntu1) ...\r\n node-acorn (8.8.1+ds+~cs25.17.7-2) ...\r\n libnode108:riscv64 (18.13.0+dfsg1-1ubuntu2) ...\r\n nodejs (18.13.0+dfsg1-1ubuntu2) ...\r\nupdate-alternatives:  /usr/bin/nodejs  /usr/bin/js (js)\r\n man-db (2.11.2-3)  ...\r\n libc-bin (2.38-1ubuntu6.1-bb4)  ...\r\nPackage nodejs installed successfully.\nTemp dir: /tmp/tmp.ESQ1s34rhC\nNode.js is functioning correctly.\nNode.js is functioning correctly.\n",
        "passed": true
      }
    ],
    "all_tests_passed": true
  },
  {
    "distro": "bianbu",
    "os_version": "Linux version 6.1.15 (root@bianbu-build-deb-37zn1-v692p) (gcc (Ubuntu 13.2.0-4ubuntu3-bb2) 13.2.0, GNU ld (GNU Binutils for Ubuntu) 2.41) #1.0 SMP PREEMPT Thu May 30 13:16:13 UTC 2024\n",
    "kernel_version": "6.1.15\n",
    "package_name": "numpy",
    "package_type": "package",
    "package_version": "",
    "test_results": [
      {
        "test_name": "test.sh",
        "output": "Python 3 is not installed. Attempting to install...\n:1 http://archive.spacemit.com/bianbu-ports mantic/snapshots/v1.0 InRelease\n:2 http://archive.spacemit.com/bianbu-ports mantic-security/snapshots/v1.0 InRelease\n:3 http://archive.spacemit.com/bianbu-ports mantic-spacemit/snapshots/v1.0 InRelease\n:4 http://archive.spacemit.com/bianbu-ports mantic-porting/snapshots/v1.0 InRelease\n:5 http://archive.spacemit.com/bianbu-ports mantic-customization/snapshots/v1.0 InRelease\n...\n...\n...\n...\n\n  2to3 blt fonts-mathjax idle idle-python3.11 libjs-mathjax\n  libpython3.11-testsuite python3-doc python3-gdbm python3-pip-whl\n  python3-setuptools-whl python3-tk python3-venv python3.11-doc\n  python3.11-full python3.11-venv tk8.6-blt2.5\n\n  blt-demo fonts-mathjax-extras fonts-stix libjs-mathjax-doc python3-gdbm-dbg\n  tix python3-tk-dbg\n\n  2to3 blt fonts-mathjax idle idle-python3.11 libjs-mathjax\n  libpython3.11-testsuite python3-doc python3-full python3-gdbm\n  python3-pip-whl python3-setuptools-whl python3-tk python3-venv\n  python3.11-doc python3.11-full python3.11-venv tk8.6-blt2.5\n 0  18  0  0 \n 28.3 MB \n 154 MB \n:1 http://archive.spacemit.com/bianbu-ports mantic/snapshots/v1.0/main riscv64 python3-gdbm riscv64 3.11.5-1 [18.5 kB]\n:2 http://archive.spacemit.com/bianbu-ports mantic/snapshots/v1.0/universe riscv64 2to3 all 3.11.4-5 [10.4 kB]\n:3 http://archive.spacemit.com/bianbu-ports mantic/snapshots/v1.0/main riscv64 tk8.6-blt2.5 riscv64 2.5.3+dfsg-4.1build2 [633 kB]\n:4 http://archive.spacemit.com/bianbu-ports mantic/snapshots/v1.0/main riscv64 blt riscv64 2.5.3+dfsg-4.1build2 [5,652 B]\n:5 http://archive.spacemit.com/bianbu-ports mantic/snapshots/v1.0/main riscv64 fonts-mathjax all 2.7.9+dfsg-1 [2,280 kB]\n:6 http://archive.spacemit.com/bianbu-ports mantic/snapshots/v1.0/main riscv64 python3-tk riscv64 3.11.5-1 [103 kB]\n:7 http://archive.spacemit.com/bianbu-ports mantic/snapshots/v1.0/main riscv64 libjs-mathjax all 2.7.9+dfsg-1 [6,057 kB]\n:8 http://archive.spacemit.com/bianbu-ports mantic/snapshots/v1.0/universe riscv64 idle-python3.11 all 3.11.6-3 [364 kB]\n:9 http://archive.spacemit.com/bianbu-ports mantic/snapshots/v1.0/universe riscv64 idle all 3.11.4-5 [2,682 B]\n:10 http://archive.spacemit.com/bianbu-ports mantic/snapshots/v1.0/universe riscv64 libpython3.11-testsuite all 3.11.6-3 [3,560 kB]\n:11 http://archive.spacemit.com/bianbu-ports mantic/snapshots/v1.0/main riscv64 python3.11-doc all 3.11.6-3 [12.7 MB]\n:12 http://archive.spacemit.com/bianbu-ports mantic/snapshots/v1.0/main riscv64 python3-doc all 3.11.4-5 [9,668 B]\n:13 http://archive.spacemit.com/bianbu-ports mantic-security/snapshots/v1.0/universe riscv64 python3-pip-whl all 23.2+dfsg-1ubuntu0.1 [1,741 kB]\n:14 http://archive.spacemit.com/bianbu-ports mantic/snapshots/v1.0/universe riscv64 python3-setuptools-whl all 68.1.2-2 [790 kB]\n:15 http://archive.spacemit.com/bianbu-ports mantic/snapshots/v1.0/universe riscv64 python3.11-venv riscv64 3.11.6-3 [5,692 B]\n:16 http://archive.spacemit.com/bianbu-ports mantic/snapshots/v1.0/universe riscv64 python3.11-full riscv64 3.11.6-3 [1,072 B]\n:17 http://archive.spacemit.com/bianbu-ports mantic/snapshots/v1.0/universe riscv64 python3-venv riscv64 3.11.4-5 [990 B]\n:18 http://archive.spacemit.com/bianbu-ports mantic/snapshots/v1.0/universe riscv64 python3-full riscv64 3.11.4-5 [1,126 B]\n 28.3 MB 4 (7,997 kB/s)\n python3-gdbm:riscv64\r\n( ... \r( ... 5%\r( ... 10%\r( ... 15%\r( ... 20%\r( ... 25%\r( ... 30%\r( ... 35%\r( ... 40%\r( ... 45%\r( ... 50%\r( ... 55%\r( ... 60%\r( ... 65%\r( ... 70%\r( ... 75%\r( ... 80%\r( ... 85%\r( ... 90%\r( ... 95%\r( ... 100%\r( ...  253609 )\r\n .../00-python3-gdbm_3.11.5-1_riscv64.deb  ...\r\n python3-gdbm:riscv64 (3.11.5-1) ...\r\n 2to3\r\n .../01-2to3_3.11.4-5_all.deb  ...\r\n 2to3 (3.11.4-5) ...\r\n tk8.6-blt2.5\r\n .../02-tk8.6-blt2.5_2.5.3+dfsg-4.1build2_riscv64.deb  ...\r\n tk8.6-blt2.5 (2.5.3+dfsg-4.1build2) ...\r\n blt\r\n .../03-blt_2.5.3+dfsg-4.1build2_riscv64.deb  ...\r\n blt (2.5.3+dfsg-4.1build2) ...\r\n fonts-mathjax\r\n .../04-fonts-mathjax_2.7.9+dfsg-1_all.deb  ...\r\n fonts-mathjax (2.7.9+dfsg-1) ...\r\n python3-tk:riscv64\r\n .../05-python3-tk_3.11.5-1_riscv64.deb  ...\r\n python3-tk:riscv64 (3.11.5-1) ...\r\n libjs-mathjax\r\n .../06-libjs-mathjax_2.7.9+dfsg-1_all.deb  ...\r\n libjs-mathjax (2.7.9+dfsg-1) ...\r\n idle-python3.11\r\n .../07-idle-python3.11_3.11.6-3_all.deb  ...\r\n idle-python3.11 (3.11.6-3) ...\r\n idle\r\n .../08-idle_3.11.4-5_all.deb  ...\r\n idle (3.11.4-5) ...\r\n libpython3.11-testsuite\r\n .../09-libpython3.11-testsuite_3.11.6-3_all.deb  ...\r\n libpython3.11-testsuite (3.11.6-3) ...\r\n python3.11-doc\r\n .../10-python3.11-doc_3.11.6-3_all.deb  ...\r\n python3.11-doc (3.11.6-3) ...\r\n python3-doc\r\n .../11-python3-doc_3.11.4-5_all.deb  ...\r\n python3-doc (3.11.4-5) ...\r\n python3-pip-whl\r\n .../12-python3-pip-whl_23.2+dfsg-1ubuntu0.1_all.deb  ...\r\n python3-pip-whl (23.2+dfsg-1ubuntu0.1) ...\r\n python3-setuptools-whl\r\n .../13-python3-setuptools-whl_68.1.2-2_all.deb  ...\r\n python3-setuptools-whl (68.1.2-2) ...\r\n python3.11-venv\r\n .../14-python3.11-venv_3.11.6-3_riscv64.deb  ...\r\n python3.11-venv (3.11.6-3) ...\r\n python3.11-full\r\n .../15-python3.11-full_3.11.6-3_riscv64.deb  ...\r\n python3.11-full (3.11.6-3) ...\r\n python3-venv\r\n .../16-python3-venv_3.11.4-5_riscv64.deb  ...\r\n python3-venv (3.11.4-5) ...\r\n python3-full\r\n .../17-python3-full_3.11.4-5_riscv64.deb  ...\r\n python3-full (3.11.4-5) ...\r\n python3-setuptools-whl (68.1.2-2) ...\r\n tk8.6-blt2.5 (2.5.3+dfsg-4.1build2) ...\r\n fonts-mathjax (2.7.9+dfsg-1) ...\r\n libjs-mathjax (2.7.9+dfsg-1) ...\r\n libpython3.11-testsuite (3.11.6-3) ...\r\n python3-pip-whl (23.2+dfsg-1ubuntu0.1) ...\r\n python3-gdbm:riscv64 (3.11.5-1) ...\r\n blt (2.5.3+dfsg-4.1build2) ...\r\n python3-tk:riscv64 (3.11.5-1) ...\r\n 2to3 (3.11.4-5) ...\r\n python3.11-venv (3.11.6-3) ...\r\n python3.11-doc (3.11.6-3) ...\r\n idle-python3.11 (3.11.6-3) ...\r\n python3-doc (3.11.4-5) ...\r\n idle (3.11.4-5) ...\r\n python3.11-full (3.11.6-3) ...\r\n python3-venv (3.11.4-5) ...\r\n python3-full (3.11.4-5) ...\r\n install-info (7.0.3-2)  ...\r\n mailcap (3.70+nmu1ubuntu1)  ...\r\n fontconfig (2.14.2-4ubuntu1)  ...\r\n desktop-file-utils (0.26-1ubuntu5)  ...\r\n gnome-menus (3.36.0-1.1ubuntu1)  ...\r\n libc-bin (2.38-1ubuntu6.1-bb4)  ...\r\n man-db (2.11.2-3)  ...\r\n...\n...\n...\npython3-pip  (23.2+dfsg-1ubuntu0.1)\npython3-pip \n\n  python-is-python3\n 0  1  0  0 \n 2,944 B \n 15.4 kB \n:1 http://archive.spacemit.com/bianbu-ports mantic/snapshots/v1.0/main riscv64 python-is-python3 all 3.11.4-1 [2,944 B]\n 2,944 B 0 (22.3 kB/s)\n python-is-python3\r\n( ... \r( ... 5%\r( ... 10%\r( ... 15%\r( ... 20%\r( ... 25%\r( ... 30%\r( ... 35%\r( ... 40%\r( ... 45%\r( ... 50%\r( ... 55%\r( ... 60%\r( ... 65%\r( ... 70%\r( ... 75%\r( ... 80%\r( ... 85%\r( ... 90%\r( ... 95%\r( ... 100%\r( ...  260908 )\r\n .../python-is-python3_3.11.4-1_all.deb  ...\r\n python-is-python3 (3.11.4-1) ...\r\n python-is-python3 (3.11.4-1) ...\r\n man-db (2.11.2-3)  ...\r\nPython 3 installed successfully.\nNumPy is not installed. Attempting to install...\n...\n...\n...\n\n  gfortran python3-pytest\n\n  python3-numpy\n 0  1  0  0 \n 3,731 kB \n 17.9 MB \n:1 http://archive.spacemit.com/bianbu-ports mantic/snapshots/v1.0/main riscv64 python3-numpy riscv64 1:1.24.2-1 [3,731 kB]\n 3,731 kB 0 (7,751 kB/s)\n python3-numpy\r\n( ... \r( ... 5%\r( ... 10%\r( ... 15%\r( ... 20%\r( ... 25%\r( ... 30%\r( ... 35%\r( ... 40%\r( ... 45%\r( ... 50%\r( ... 55%\r( ... 60%\r( ... 65%\r( ... 70%\r( ... 75%\r( ... 80%\r( ... 85%\r( ... 90%\r( ... 95%\r( ... 100%\r( ...  260915 )\r\n .../python3-numpy_1%3a1.24.2-1_riscv64.deb  ...\r\n python3-numpy (1:1.24.2-1) ...\r\n python3-numpy (1:1.24.2-1) ...\r\n man-db (2.11.2-3)  ...\r\nNumPy installed successfully.\nPython and NumPy versions: Python 3.11.6 (1.24.2)\nNumpy is functioning correctly.\nNumpy is functioning correctly.\n",
        "passed": true
      }
    ],
    "all_tests_passed": true
  },
  {
    "distro": "bianbu",
    "os_version": "Linux version 6.1.15 (root@bianbu-build-deb-37zn1-v692p) (gcc (Ubuntu 13.2.0-4ubuntu3-bb2) 13.2.0, GNU ld (GNU Binutils for Ubuntu) 2.41) #1.0 SMP PREEMPT Thu May 30 13:16:13 UTC 2024\n",
    "kernel_version": "6.1.15\n",
    "package_name": "ocaml",
    "package_type": "package",
    "package_version": "4.13.1-6ubuntu1",
    "test_results": [
      {
        "test_name": "test.sh",
        "output": "Package ocaml is installed.\nOCaml is functioning correctly.\n",
        "passed": true
      }
    ],
    "all_tests_passed": true
  },
  {
    "distro": "bianbu",
    "os_version": "Linux version 6.1.15 (root@bianbu-build-deb-37zn1-v692p) (gcc (Ubuntu 13.2.0-4ubuntu3-bb2) 13.2.0, GNU ld (GNU Binutils for Ubuntu) 2.41) #1.0 SMP PREEMPT Thu May 30 13:16:13 UTC 2024\n",
    "kernel_version": "6.1.15\n",
    "package_name": "openjdk",
    "package_type": "package",
    "package_version": "17.0.9",
    "test_results": [
      {
        "test_name": "test.sh",
        "output": "OpenJDK is not installed. Attempting to install...\n:1 http://archive.spacemit.com/bianbu-ports mantic/snapshots/v1.0 InRelease\n:2 http://archive.spacemit.com/bianbu-ports mantic-security/snapshots/v1.0 InRelease\n:3 http://archive.spacemit.com/bianbu-ports mantic-spacemit/snapshots/v1.0 InRelease\n:4 http://archive.spacemit.com/bianbu-ports mantic-porting/snapshots/v1.0 InRelease\n:5 http://archive.spacemit.com/bianbu-ports mantic-customization/snapshots/v1.0 InRelease\n...\n...\n...\n...\n\n  fonts-dejavu-extra libatk-wrapper-java libatk-wrapper-java-jni libice-dev\n  libpthread-stubs0-dev libsm-dev libx11-dev libxau-dev libxcb1-dev\n  libxdmcp-dev libxt-dev openjdk-11-jdk-headless openjdk-11-jre\n  openjdk-11-jre-headless x11proto-dev xorg-sgml-doctools xtrans-dev\n\n  libice-doc libsm-doc libx11-doc libxcb-doc libxt-doc openjdk-11-demo\n  openjdk-11-source visualvm fonts-ipafont-gothic fonts-ipafont-mincho\n  fonts-wqy-microhei | fonts-wqy-zenhei fonts-indic\n\n  fonts-dejavu-extra libatk-wrapper-java libatk-wrapper-java-jni libice-dev\n  libpthread-stubs0-dev libsm-dev libx11-dev libxau-dev libxcb1-dev\n  libxdmcp-dev libxt-dev openjdk-11-jdk openjdk-11-jdk-headless openjdk-11-jre\n  openjdk-11-jre-headless x11proto-dev xorg-sgml-doctools xtrans-dev\n 0  18  0  0 \n 102 MB \n 234 MB \n:1 http://archive.spacemit.com/bianbu-ports mantic/snapshots/v1.0/main riscv64 fonts-dejavu-extra all 2.37-8 [1,971 kB]\n:2 http://archive.spacemit.com/bianbu-ports mantic/snapshots/v1.0/main riscv64 libatk-wrapper-java all 0.40.0-3 [54.0 kB]\n:3 http://archive.spacemit.com/bianbu-ports mantic/snapshots/v1.0/main riscv64 libatk-wrapper-java-jni riscv64 0.40.0-3 [48.2 kB]\n:4 http://archive.spacemit.com/bianbu-ports mantic/snapshots/v1.0/main riscv64 xorg-sgml-doctools all 1:1.11-1.1 [10.3 kB]\n:5 http://archive.spacemit.com/bianbu-ports mantic/snapshots/v1.0/main riscv64 x11proto-dev all 2023.2-1 [602 kB]\n:6 http://archive.spacemit.com/bianbu-ports mantic/snapshots/v1.0/main riscv64 libice-dev riscv64 2:1.0.10-1build2 [121 kB]\n:7 http://archive.spacemit.com/bianbu-ports mantic/snapshots/v1.0/main riscv64 libpthread-stubs0-dev riscv64 0.4-1build2 [4,764 B]\n:8 http://archive.spacemit.com/bianbu-ports mantic/snapshots/v1.0/main riscv64 libsm-dev riscv64 2:1.2.3-1build2 [40.7 kB]\n:9 http://archive.spacemit.com/bianbu-ports mantic/snapshots/v1.0/main riscv64 libxau-dev riscv64 1:1.0.9-1build5 [14.8 kB]\n:10 http://archive.spacemit.com/bianbu-ports mantic/snapshots/v1.0/main riscv64 libxdmcp-dev riscv64 1:1.1.3-0ubuntu5 [37.1 kB]\n:11 http://archive.spacemit.com/bianbu-ports mantic/snapshots/v1.0/main riscv64 xtrans-dev all 1.4.0-1 [69.0 kB]\n:12 http://archive.spacemit.com/bianbu-ports mantic/snapshots/v1.0/main riscv64 libxcb1-dev riscv64 1.15-1 [171 kB]\n:13 http://archive.spacemit.com/bianbu-ports mantic/snapshots/v1.0/main riscv64 libx11-dev riscv64 2:1.8.6-1ubuntu1 [1,386 kB]\n:14 http://archive.spacemit.com/bianbu-ports mantic/snapshots/v1.0/main riscv64 libxt-dev riscv64 1:1.2.1-1.1 [677 kB]\n:15 http://archive.spacemit.com/bianbu-ports mantic-security/snapshots/v1.0/main riscv64 openjdk-11-jre-headless riscv64 11.0.21+9-0ubuntu1~23.10 [35.0 MB]\n:16 http://archive.spacemit.com/bianbu-ports mantic-security/snapshots/v1.0/main riscv64 openjdk-11-jre riscv64 11.0.21+9-0ubuntu1~23.10 [214 kB]\n:17 http://archive.spacemit.com/bianbu-ports mantic-security/snapshots/v1.0/main riscv64 openjdk-11-jdk-headless riscv64 11.0.21+9-0ubuntu1~23.10 [61.1 MB]\n:18 http://archive.spacemit.com/bianbu-ports mantic-security/snapshots/v1.0/main riscv64 openjdk-11-jdk riscv64 11.0.21+9-0ubuntu1~23.10 [13.7 kB]\n 102 MB 6 (16.7 MB/s)\n fonts-dejavu-extra\r\n( ... \r( ... 5%\r( ... 10%\r( ... 15%\r( ... 20%\r( ... 25%\r( ... 30%\r( ... 35%\r( ... 40%\r( ... 45%\r( ... 50%\r( ... 55%\r( ... 60%\r( ... 65%\r( ... 70%\r( ... 75%\r( ... 80%\r( ... 85%\r( ... 90%\r( ... 95%\r( ... 100%\r( ...  261888 )\r\n .../00-fonts-dejavu-extra_2.37-8_all.deb  ...\r\n fonts-dejavu-extra (2.37-8) ...\r\n libatk-wrapper-java\r\n .../01-libatk-wrapper-java_0.40.0-3_all.deb  ...\r\n libatk-wrapper-java (0.40.0-3) ...\r\n libatk-wrapper-java-jni:riscv64\r\n .../02-libatk-wrapper-java-jni_0.40.0-3_riscv64.deb  ...\r\n libatk-wrapper-java-jni:riscv64 (0.40.0-3) ...\r\n xorg-sgml-doctools\r\n .../03-xorg-sgml-doctools_1%3a1.11-1.1_all.deb  ...\r\n xorg-sgml-doctools (1:1.11-1.1) ...\r\n x11proto-dev\r\n .../04-x11proto-dev_2023.2-1_all.deb  ...\r\n x11proto-dev (2023.2-1) ...\r\n libice-dev:riscv64\r\n .../05-libice-dev_2%3a1.0.10-1build2_riscv64.deb  ...\r\n libice-dev:riscv64 (2:1.0.10-1build2) ...\r\n libpthread-stubs0-dev:riscv64\r\n .../06-libpthread-stubs0-dev_0.4-1build2_riscv64.deb  ...\r\n libpthread-stubs0-dev:riscv64 (0.4-1build2) ...\r\n libsm-dev:riscv64\r\n .../07-libsm-dev_2%3a1.2.3-1build2_riscv64.deb  ...\r\n libsm-dev:riscv64 (2:1.2.3-1build2) ...\r\n libxau-dev:riscv64\r\n .../08-libxau-dev_1%3a1.0.9-1build5_riscv64.deb  ...\r\n libxau-dev:riscv64 (1:1.0.9-1build5) ...\r\n libxdmcp-dev:riscv64\r\n .../09-libxdmcp-dev_1%3a1.1.3-0ubuntu5_riscv64.deb  ...\r\n libxdmcp-dev:riscv64 (1:1.1.3-0ubuntu5) ...\r\n xtrans-dev\r\n .../10-xtrans-dev_1.4.0-1_all.deb  ...\r\n xtrans-dev (1.4.0-1) ...\r\n libxcb1-dev:riscv64\r\n .../11-libxcb1-dev_1.15-1_riscv64.deb  ...\r\n libxcb1-dev:riscv64 (1.15-1) ...\r\n libx11-dev:riscv64\r\n .../12-libx11-dev_2%3a1.8.6-1ubuntu1_riscv64.deb  ...\r\n libx11-dev:riscv64 (2:1.8.6-1ubuntu1) ...\r\n libxt-dev:riscv64\r\n .../13-libxt-dev_1%3a1.2.1-1.1_riscv64.deb  ...\r\n libxt-dev:riscv64 (1:1.2.1-1.1) ...\r\n openjdk-11-jre-headless:riscv64\r\n .../14-openjdk-11-jre-headless_11.0.21+9-0ubuntu1~23.10_riscv64.deb  ...\r\n openjdk-11-jre-headless:riscv64 (11.0.21+9-0ubuntu1~23.10) ...\r\n openjdk-11-jre:riscv64\r\n .../15-openjdk-11-jre_11.0.21+9-0ubuntu1~23.10_riscv64.deb  ...\r\n openjdk-11-jre:riscv64 (11.0.21+9-0ubuntu1~23.10) ...\r\n openjdk-11-jdk-headless:riscv64\r\n .../16-openjdk-11-jdk-headless_11.0.21+9-0ubuntu1~23.10_riscv64.deb  ...\r\n openjdk-11-jdk-headless:riscv64 (11.0.21+9-0ubuntu1~23.10) ...\r\n openjdk-11-jdk:riscv64\r\n .../17-openjdk-11-jdk_11.0.21+9-0ubuntu1~23.10_riscv64.deb  ...\r\n openjdk-11-jdk:riscv64 (11.0.21+9-0ubuntu1~23.10) ...\r\n openjdk-11-jre-headless:riscv64 (11.0.21+9-0ubuntu1~23.10) ...\r\nupdate-alternatives:  /usr/lib/jvm/java-11-openjdk-riscv64/bin/jjs  /usr/bin/jjs (jjs)\r\nupdate-alternatives:  /usr/lib/jvm/java-11-openjdk-riscv64/bin/rmid  /usr/bin/rmid (rmid)\r\nupdate-alternatives:  /usr/lib/jvm/java-11-openjdk-riscv64/bin/pack200  /usr/bin/pack200 (pack200)\r\nupdate-alternatives:  /usr/lib/jvm/java-11-openjdk-riscv64/bin/unpack200  /usr/bin/unpack200 (unpack200)\r\n libpthread-stubs0-dev:riscv64 (0.4-1build2) ...\r\n xtrans-dev (1.4.0-1) ...\r\n fonts-dejavu-extra (2.37-8) ...\r\n xorg-sgml-doctools (1:1.11-1.1) ...\r\n libatk-wrapper-java (0.40.0-3) ...\r\n libatk-wrapper-java-jni:riscv64 (0.40.0-3) ...\r\n sgml-base (1.31)  ...\r\n mailcap (3.70+nmu1ubuntu1)  ...\r\n x11proto-dev (2023.2-1) ...\r\n fontconfig (2.14.2-4ubuntu1)  ...\r\n desktop-file-utils (0.26-1ubuntu5)  ...\r\n libxau-dev:riscv64 (1:1.0.9-1build5) ...\r\n hicolor-icon-theme (0.17-2)  ...\r\n libice-dev:riscv64 (2:1.0.10-1build2) ...\r\n gnome-menus (3.36.0-1.1ubuntu1)  ...\r\n libsm-dev:riscv64 (2:1.2.3-1build2) ...\r\n man-db (2.11.2-3)  ...\r\n libxdmcp-dev:riscv64 (1:1.1.3-0ubuntu5) ...\r\n libxcb1-dev:riscv64 (1.15-1) ...\r\n libx11-dev:riscv64 (2:1.8.6-1ubuntu1) ...\r\n libxt-dev:riscv64 (1:1.2.1-1.1) ...\r\n ca-certificates-java (20230710)  ...\r\ndone.\r\n openjdk-11-jre:riscv64 (11.0.21+9-0ubuntu1~23.10) ...\r\n openjdk-11-jdk-headless:riscv64 (11.0.21+9-0ubuntu1~23.10) ...\r\nupdate-alternatives:  /usr/lib/jvm/java-11-openjdk-riscv64/bin/jar  /usr/bin/jar (jar)\r\nupdate-alternatives:  /usr/lib/jvm/java-11-openjdk-riscv64/bin/jarsigner  /usr/bin/jarsigner (jarsigner)\r\nupdate-alternatives:  /usr/lib/jvm/java-11-openjdk-riscv64/bin/javac  /usr/bin/javac (javac)\r\nupdate-alternatives:  /usr/lib/jvm/java-11-openjdk-riscv64/bin/javadoc  /usr/bin/javadoc (javadoc)\r\nupdate-alternatives:  /usr/lib/jvm/java-11-openjdk-riscv64/bin/javap  /usr/bin/javap (javap)\r\nupdate-alternatives:  /usr/lib/jvm/java-11-openjdk-riscv64/bin/jcmd  /usr/bin/jcmd (jcmd)\r\nupdate-alternatives:  /usr/lib/jvm/java-11-openjdk-riscv64/bin/jdb  /usr/bin/jdb (jdb)\r\nupdate-alternatives:  /usr/lib/jvm/java-11-openjdk-riscv64/bin/jdeprscan  /usr/bin/jdeprscan (jdeprscan)\r\nupdate-alternatives:  /usr/lib/jvm/java-11-openjdk-riscv64/bin/jdeps  /usr/bin/jdeps (jdeps)\r\nupdate-alternatives:  /usr/lib/jvm/java-11-openjdk-riscv64/bin/jfr  /usr/bin/jfr (jfr)\r\nupdate-alternatives:  /usr/lib/jvm/java-11-openjdk-riscv64/bin/jimage  /usr/bin/jimage (jimage)\r\nupdate-alternatives:  /usr/lib/jvm/java-11-openjdk-riscv64/bin/jinfo  /usr/bin/jinfo (jinfo)\r\nupdate-alternatives:  /usr/lib/jvm/java-11-openjdk-riscv64/bin/jlink  /usr/bin/jlink (jlink)\r\nupdate-alternatives:  /usr/lib/jvm/java-11-openjdk-riscv64/bin/jmap  /usr/bin/jmap (jmap)\r\nupdate-alternatives:  /usr/lib/jvm/java-11-openjdk-riscv64/bin/jmod  /usr/bin/jmod (jmod)\r\nupdate-alternatives:  /usr/lib/jvm/java-11-openjdk-riscv64/bin/jps  /usr/bin/jps (jps)\r\nupdate-alternatives:  /usr/lib/jvm/java-11-openjdk-riscv64/bin/jrunscript  /usr/bin/jrunscript (jrunscript)\r\nupdate-alternatives:  /usr/lib/jvm/java-11-openjdk-riscv64/bin/jshell  /usr/bin/jshell (jshell)\r\nupdate-alternatives:  /usr/lib/jvm/java-11-openjdk-riscv64/bin/jstack  /usr/bin/jstack (jstack)\r\nupdate-alternatives:  /usr/lib/jvm/java-11-openjdk-riscv64/bin/jstat  /usr/bin/jstat (jstat)\r\nupdate-alternatives:  /usr/lib/jvm/java-11-openjdk-riscv64/bin/jstatd  /usr/bin/jstatd (jstatd)\r\nupdate-alternatives:  /usr/lib/jvm/java-11-openjdk-riscv64/bin/rmic  /usr/bin/rmic (rmic)\r\nupdate-alternatives:  /usr/lib/jvm/java-11-openjdk-riscv64/bin/serialver  /usr/bin/serialver (serialver)\r\n openjdk-11-jdk:riscv64 (11.0.21+9-0ubuntu1~23.10) ...\r\nupdate-alternatives:  /usr/lib/jvm/java-11-openjdk-riscv64/bin/jconsole  /usr/bin/jconsole (jconsole)\r\nOpenJDK installed successfully.\nOpenJDK is functioning correctly.\nOpenJDK is functioning correctly.\n",
        "passed": true
      }
    ],
    "all_tests_passed": true
  },
  {
    "distro": "bianbu",
    "os_version": "Linux version 6.1.15 (root@bianbu-build-deb-37zn1-v692p) (gcc (Ubuntu 13.2.0-4ubuntu3-bb2) 13.2.0, GNU ld (GNU Binutils for Ubuntu) 2.41) #1.0 SMP PREEMPT Thu May 30 13:16:13 UTC 2024\n",
    "kernel_version": "6.1.15\n",
    "package_name": "perl",
    "package_type": "package",
    "package_version": "5.36.0",
    "test_results": [
      {
        "test_name": "test.sh",
        "output": "Perl is installed.\nPerl is functioning correctly.\nPerl is functioning correctly.\n",
        "passed": true
      }
    ],
    "all_tests_passed": true
  },
  {
    "distro": "bianbu",
    "os_version": "Linux version 6.1.15 (root@bianbu-build-deb-37zn1-v692p) (gcc (Ubuntu 13.2.0-4ubuntu3-bb2) 13.2.0, GNU ld (GNU Binutils for Ubuntu) 2.41) #1.0 SMP PREEMPT Thu May 30 13:16:13 UTC 2024\n",
    "kernel_version": "6.1.15\n",
    "package_name": "python",
    "package_type": "package",
    "package_version": "3.11.6",
    "test_results": [
      {
        "test_name": "test.sh",
        "output": "Python is installed.\nPython is functioning correctly.\nPython is functioning correctly.\n",
        "passed": true
      }
    ],
    "all_tests_passed": true
  },
  {
    "distro": "bianbu",
    "os_version": "Linux version 6.1.15 (root@bianbu-build-deb-37zn1-v692p) (gcc (Ubuntu 13.2.0-4ubuntu3-bb2) 13.2.0, GNU ld (GNU Binutils for Ubuntu) 2.41) #1.0 SMP PREEMPT Thu May 30 13:16:13 UTC 2024\n",
    "kernel_version": "6.1.15\n",
    "package_name": "ruby",
    "package_type": "package",
    "package_version": "3.1.2p20",
    "test_results": [
      {
        "test_name": "test.sh",
        "output": "Ruby is not installed. Attempting to install...\n:1 http://archive.spacemit.com/bianbu-ports mantic/snapshots/v1.0 InRelease\n:2 http://archive.spacemit.com/bianbu-ports mantic-security/snapshots/v1.0 InRelease\n:3 http://archive.spacemit.com/bianbu-ports mantic-spacemit/snapshots/v1.0 InRelease\n:4 http://archive.spacemit.com/bianbu-ports mantic-porting/snapshots/v1.0 InRelease\n:5 http://archive.spacemit.com/bianbu-ports mantic-customization/snapshots/v1.0 InRelease\n...\n...\n...\n...\n\n  fonts-lato libruby libruby3.1 rake ruby-net-telnet ruby-rubygems ruby-sdbm\n  ruby-webrick ruby-xmlrpc ruby3.1 rubygems-integration\n\n  ri ruby-dev bundler\n\n  fonts-lato libruby libruby3.1 rake ruby ruby-net-telnet ruby-rubygems\n  ruby-sdbm ruby-webrick ruby-xmlrpc ruby3.1 rubygems-integration\n 0  12  0  0 \n 8,411 kB \n 37.6 MB \n:1 http://archive.spacemit.com/bianbu-ports mantic/snapshots/v1.0/main riscv64 fonts-lato all 2.0-2.1 [2,696 kB]\n:2 http://archive.spacemit.com/bianbu-ports mantic/snapshots/v1.0/main riscv64 rubygems-integration all 1.18 [5,324 B]\n:3 http://archive.spacemit.com/bianbu-ports mantic/snapshots/v1.0/main riscv64 ruby3.1 riscv64 3.1.2-7ubuntu3 [55.5 kB]\n:4 http://archive.spacemit.com/bianbu-ports mantic/snapshots/v1.0/main riscv64 ruby-rubygems all 3.3.15-2 [296 kB]\n:5 http://archive.spacemit.com/bianbu-ports mantic/snapshots/v1.0/main riscv64 ruby riscv64 1:3.1 [5,882 B]\n:6 http://archive.spacemit.com/bianbu-ports mantic/snapshots/v1.0/main riscv64 rake all 13.0.6-3 [65.5 kB]\n:7 http://archive.spacemit.com/bianbu-ports mantic/snapshots/v1.0/main riscv64 ruby-net-telnet all 0.2.0-1 [13.4 kB]\n:8 http://archive.spacemit.com/bianbu-ports mantic/snapshots/v1.0/main riscv64 ruby-webrick all 1.8.1-1 [52.3 kB]\n:9 http://archive.spacemit.com/bianbu-ports mantic/snapshots/v1.0/main riscv64 ruby-xmlrpc all 0.3.2-2 [24.7 kB]\n:10 http://archive.spacemit.com/bianbu-ports mantic/snapshots/v1.0/main riscv64 ruby-sdbm riscv64 1.0.0-5build2 [15.9 kB]\n:11 http://archive.spacemit.com/bianbu-ports mantic/snapshots/v1.0/main riscv64 libruby3.1 riscv64 3.1.2-7ubuntu3 [5,176 kB]\n:12 http://archive.spacemit.com/bianbu-ports mantic/snapshots/v1.0/main riscv64 libruby riscv64 1:3.1 [4,954 B]\n 8,411 kB 1 (8,607 kB/s)\n fonts-lato\r\n( ... \r( ... 5%\r( ... 10%\r( ... 15%\r( ... 20%\r( ... 25%\r( ... 30%\r( ... 35%\r( ... 40%\r( ... 45%\r( ... 50%\r( ... 55%\r( ... 60%\r( ... 65%\r( ... 70%\r( ... 75%\r( ... 80%\r( ... 85%\r( ... 90%\r( ... 95%\r( ... 100%\r( ...  263021 )\r\n .../00-fonts-lato_2.0-2.1_all.deb  ...\r\n fonts-lato (2.0-2.1) ...\r\n rubygems-integration\r\n .../01-rubygems-integration_1.18_all.deb  ...\r\n rubygems-integration (1.18) ...\r\n ruby3.1\r\n .../02-ruby3.1_3.1.2-7ubuntu3_riscv64.deb  ...\r\n ruby3.1 (3.1.2-7ubuntu3) ...\r\n ruby-rubygems\r\n .../03-ruby-rubygems_3.3.15-2_all.deb  ...\r\n ruby-rubygems (3.3.15-2) ...\r\n ruby\r\n .../04-ruby_1%3a3.1_riscv64.deb  ...\r\n ruby (1:3.1) ...\r\n rake\r\n .../05-rake_13.0.6-3_all.deb  ...\r\n rake (13.0.6-3) ...\r\n ruby-net-telnet\r\n .../06-ruby-net-telnet_0.2.0-1_all.deb  ...\r\n ruby-net-telnet (0.2.0-1) ...\r\n ruby-webrick\r\n .../07-ruby-webrick_1.8.1-1_all.deb  ...\r\n ruby-webrick (1.8.1-1) ...\r\n ruby-xmlrpc\r\n .../08-ruby-xmlrpc_0.3.2-2_all.deb  ...\r\n ruby-xmlrpc (0.3.2-2) ...\r\n ruby-sdbm:riscv64\r\n .../09-ruby-sdbm_1.0.0-5build2_riscv64.deb  ...\r\n ruby-sdbm:riscv64 (1.0.0-5build2) ...\r\n libruby3.1:riscv64\r\n .../10-libruby3.1_3.1.2-7ubuntu3_riscv64.deb  ...\r\n libruby3.1:riscv64 (3.1.2-7ubuntu3) ...\r\n libruby:riscv64\r\n .../11-libruby_1%3a3.1_riscv64.deb  ...\r\n libruby:riscv64 (1:3.1) ...\r\n fonts-lato (2.0-2.1) ...\r\n rubygems-integration (1.18) ...\r\n ruby-net-telnet (0.2.0-1) ...\r\n ruby-webrick (1.8.1-1) ...\r\n ruby-xmlrpc (0.3.2-2) ...\r\n ruby3.1 (3.1.2-7ubuntu3) ...\r\n ruby (1:3.1) ...\r\n rake (13.0.6-3) ...\r\n libruby3.1:riscv64 (3.1.2-7ubuntu3) ...\r\n libruby:riscv64 (1:3.1) ...\r\n ruby-rubygems (3.3.15-2) ...\r\n ruby-sdbm:riscv64 (1.0.0-5build2) ...\r\n fontconfig (2.14.2-4ubuntu1)  ...\r\n libc-bin (2.38-1ubuntu6.1-bb4)  ...\r\n man-db (2.11.2-3)  ...\r\nRuby installed successfully.\nRuby is functioning correctly.\nRuby is functioning correctly.\n",
        "passed": true
      }
    ],
    "all_tests_passed": true
  },
  {
    "distro": "bianbu",
    "os_version": "Linux version 6.1.15 (root@bianbu-build-deb-37zn1-v692p) (gcc (Ubuntu 13.2.0-4ubuntu3-bb2) 13.2.0, GNU ld (GNU Binutils for Ubuntu) 2.41) #1.0 SMP PREEMPT Thu May 30 13:16:13 UTC 2024\n",
    "kernel_version": "6.1.15\n",
    "package_name": "rust",
    "package_type": "package",
    "package_version": "1.71.1 (1.71.1)",
    "test_results": [
      {
        "test_name": "test.sh",
        "output": "[2024-09-19 10:53:48] Current directory: /tmp/lintestor/bianbu/rust\n[2024-09-19 10:53:48] Created temporary directory: /tmp/tmp.XlyfvdwthL\n[2024-09-19 10:53:48] Starting Rust test script...\n[2024-09-19 10:53:48] Checking system prerequisites...\n[2024-09-19 10:53:48] System prerequisites check passed.\n[2024-09-19 10:53:48] Rust is installed.\n[2024-09-19 10:53:48] Created temporary directory: /tmp/tmp.D0qiYBJIQY\n[2024-09-19 10:53:48] Creating a new Rust project...\n[2024-09-19 10:53:48] Building the Rust project...\n[2024-09-19 10:53:51] Running the Rust project...\n[2024-09-19 10:53:52] Project output:     Finished dev [unoptimized + debuginfo] target(s) in 0.18s\n     Running `target/debug/hello_world`\nHello, world!\n[2024-09-19 10:53:54] Cleaned up temporary directory.\n[2024-09-19 10:53:54] Cleaned up temporary directory.\n[2024-09-19 10:53:54] Changed back to original directory: /tmp/lintestor/bianbu/rust\n[2024-09-19 10:53:54] Rust test passed successfully.\n[2024-09-19 10:53:54] Rust is functioning correctly.\n",
        "passed": true
      }
    ],
    "all_tests_passed": true
  },
  {
    "distro": "bianbu",
    "os_version": "Linux version 6.1.15 (root@bianbu-build-deb-37zn1-v692p) (gcc (Ubuntu 13.2.0-4ubuntu3-bb2) 13.2.0, GNU ld (GNU Binutils for Ubuntu) 2.41) #1.0 SMP PREEMPT Thu May 30 13:16:13 UTC 2024\n",
    "kernel_version": "6.1.15\n",
    "package_name": "sqlite",
    "package_type": "package",
    "package_version": "3.42.0",
    "test_results": [
      {
        "test_name": "test.sh",
        "output": "[2024-09-19 10:53:57] Current directory: /tmp/lintestor/bianbu/sqlite\n[2024-09-19 10:53:57] Created temporary directory: /tmp/tmp.xacV72bh54\n[2024-09-19 10:53:57] Starting SQLite test script...\n[2024-09-19 10:53:57] Checking system prerequisites...\n[2024-09-19 10:53:57] System prerequisites check passed.\n[2024-09-19 10:53:57] SQLite is not installed.\n[2024-09-19 10:53:57] Attempting to install SQLite...\n:1 http://archive.spacemit.com/bianbu-ports mantic/snapshots/v1.0 InRelease\n:2 http://archive.spacemit.com/bianbu-ports mantic-security/snapshots/v1.0 InRelease\n:3 http://archive.spacemit.com/bianbu-ports mantic-spacemit/snapshots/v1.0 InRelease\n:4 http://archive.spacemit.com/bianbu-ports mantic-porting/snapshots/v1.0 InRelease\n:5 http://archive.spacemit.com/bianbu-ports mantic-customization/snapshots/v1.0 InRelease\n...\n...\n...\n...\n\n  sqlite3-doc\n\n  sqlite3\n 0  1  0  0 \n 373 kB \n 526 kB \n:1 http://archive.spacemit.com/bianbu-ports mantic/snapshots/v1.0/main riscv64 sqlite3 riscv64 3.42.0-1 [373 kB]\n 373 kB 0 (1,471 kB/s)\n sqlite3\r\n( ... \r( ... 5%\r( ... 10%\r( ... 15%\r( ... 20%\r( ... 25%\r( ... 30%\r( ... 35%\r( ... 40%\r( ... 45%\r( ... 50%\r( ... 55%\r( ... 60%\r( ... 65%\r( ... 70%\r( ... 75%\r( ... 80%\r( ... 85%\r( ... 90%\r( ... 95%\r( ... 100%\r( ...  265903 )\r\n .../sqlite3_3.42.0-1_riscv64.deb  ...\r\n sqlite3 (3.42.0-1) ...\r\n sqlite3 (3.42.0-1) ...\r\n man-db (2.11.2-3)  ...\r\n[2024-09-19 10:54:30] SQLite is installed.\n[2024-09-19 10:54:30] SQLite installed successfully.\n[2024-09-19 10:54:30] Cleaned up temporary directory.\n[2024-09-19 10:54:30] Creating test database...\n1|Alice\n2|Bob\n[2024-09-19 10:54:30] Querying test database...\n[2024-09-19 10:54:30] Database output:\n[2024-09-19 10:54:30] 1|Alice\n2|Bob\n[2024-09-19 10:54:30] SQLite test passed successfully.\n[2024-09-19 10:54:30] SQLite is functioning correctly.\n",
        "passed": true
      }
    ],
    "all_tests_passed": true
  },
  {
    "distro": "bianbu",
    "os_version": "Linux version 6.1.15 (root@bianbu-build-deb-37zn1-v692p) (gcc (Ubuntu 13.2.0-4ubuntu3-bb2) 13.2.0, GNU ld (GNU Binutils for Ubuntu) 2.41) #1.0 SMP PREEMPT Thu May 30 13:16:13 UTC 2024\n",
    "kernel_version": "6.1.15\n",
    "package_name": "varnish",
    "package_type": "package",
    "package_version": "7.1.1",
    "test_results": [
      {
        "test_name": "test.sh",
        "output": "[2024-09-19 10:54:33] Current directory: /tmp/lintestor/bianbu/varnish\n[2024-09-19 10:54:33] Created temporary directory: /tmp/tmp.Vz24w8GBiC\n[2024-09-19 10:54:33] Starting Varnish test script...\n[2024-09-19 10:54:33] Checking system prerequisites...\n[2024-09-19 10:54:33] System prerequisites check passed.\n[2024-09-19 10:54:33] Varnish is not installed.\n[2024-09-19 10:54:33] Attempting to install Varnish...\n:1 http://archive.spacemit.com/bianbu-ports mantic/snapshots/v1.0 InRelease\n:2 http://archive.spacemit.com/bianbu-ports mantic-security/snapshots/v1.0 InRelease\n:3 http://archive.spacemit.com/bianbu-ports mantic-spacemit/snapshots/v1.0 InRelease\n:4 http://archive.spacemit.com/bianbu-ports mantic-porting/snapshots/v1.0 InRelease\n:5 http://archive.spacemit.com/bianbu-ports mantic-customization/snapshots/v1.0 InRelease\n...\n...\n...\n...\n\n  libjemalloc2 libvarnishapi3\n\n  varnish-doc\n\n  libjemalloc2 libvarnishapi3 varnish\n 0  3  0  0 \n 1,570 kB \n 3,586 kB \n:1 http://archive.spacemit.com/bianbu-ports mantic/snapshots/v1.0/universe riscv64 libjemalloc2 riscv64 5.3.0-1 [259 kB]\n:2 http://archive.spacemit.com/bianbu-ports mantic/snapshots/v1.0/universe riscv64 libvarnishapi3 riscv64 7.1.1-1.1ubuntu1 [183 kB]\n:3 http://archive.spacemit.com/bianbu-ports mantic/snapshots/v1.0/universe riscv64 varnish riscv64 7.1.1-1.1ubuntu1 [1,129 kB]\n 1,570 kB 0 (3,505 kB/s)\n libjemalloc2:riscv64\r\n( ... \r( ... 5%\r( ... 10%\r( ... 15%\r( ... 20%\r( ... 25%\r( ... 30%\r( ... 35%\r( ... 40%\r( ... 45%\r( ... 50%\r( ... 55%\r( ... 60%\r( ... 65%\r( ... 70%\r( ... 75%\r( ... 80%\r( ... 85%\r( ... 90%\r( ... 95%\r( ... 100%\r( ...  265911 )\r\n .../libjemalloc2_5.3.0-1_riscv64.deb  ...\r\n libjemalloc2:riscv64 (5.3.0-1) ...\r\n libvarnishapi3:riscv64\r\n .../libvarnishapi3_7.1.1-1.1ubuntu1_riscv64.deb  ...\r\n libvarnishapi3:riscv64 (7.1.1-1.1ubuntu1) ...\r\n varnish\r\n .../varnish_7.1.1-1.1ubuntu1_riscv64.deb  ...\r\n varnish (7.1.1-1.1ubuntu1) ...\r\n libvarnishapi3:riscv64 (7.1.1-1.1ubuntu1) ...\r\n libjemalloc2:riscv64 (5.3.0-1) ...\r\n varnish (7.1.1-1.1ubuntu1) ...\r\nCreated symlink /etc/systemd/system/multi-user.target.wants/varnish.service  /lib/systemd/system/varnish.service.\r\nCreated symlink /etc/systemd/system/multi-user.target.wants/varnishncsa.service  /lib/systemd/system/varnishncsa.service.\r\n man-db (2.11.2-3)  ...\r\n libc-bin (2.38-1ubuntu6.1-bb4)  ...\r\n[2024-09-19 10:55:29] Varnish installation command completed. Verifying installation...\n[2024-09-19 10:55:29] Varnish is installed. Path: /usr/sbin/varnishd\n[2024-09-19 10:55:29] Varnish installed successfully.\n[2024-09-19 10:55:29] Verifying Varnish installation again...\n[2024-09-19 10:55:29] Varnish is installed. Path: /usr/sbin/varnishd\n[2024-09-19 10:55:29] Starting Varnish service...\n[2024-09-19 10:55:29] Checking Varnish service status...\n[2024-09-19 10:55:29] Testing Varnish configuration...\n[2024-09-19 10:55:32] Checking Varnish stats...\nMGT.uptime                  20         0.95 Management process uptime\nMGT.child_start              1         0.05 Child process started\nMGT.child_exit               0         0.00 Child process normal exit\nMGT.child_stop               0         0.00 Child process unexpected exit\nMGT.child_died               0         0.00 Child process died (signal)\nMGT.child_dump               0         0.00 Child process core dumped\nMGT.child_panic              0         0.00 Child process panic\nMAIN.summs                   0         0.00 stat summ operations\nMAIN.uptime                 21         1.00 Child process uptime\nMAIN.sess_conn               0         0.00 Sessions accepted\nMAIN.sess_fail               0         0.00 Session accept failures\nMAIN.sess_fail_econnaborted            0         0.00 Session accept failures: connection aborted\nMAIN.sess_fail_eintr                   0         0.00 Session accept failures: interrupted system call\nMAIN.sess_fail_emfile                  0         0.00 Session accept failures: too many open files\nMAIN.sess_fail_ebadf                   0         0.00 Session accept failures: bad file descriptor\nMAIN.sess_fail_enomem                  0         0.00 Session accept failures: not enough memory\nMAIN.sess_fail_other                   0         0.00 Session accept failures: other\nMAIN.client_req_400                    0         0.00 Client requests received, subject to 400 errors\nMAIN.client_req_417                    0         0.00 Client requests received, subject to 417 errors\nMAIN.client_req                        0         0.00 Good client requests received\nMAIN.esi_req                           0         0.00 ESI subrequests\nMAIN.cache_hit                         0         0.00 Cache hits\nMAIN.cache_hit_grace                   0         0.00 Cache grace hits\nMAIN.cache_hitpass                     0         0.00 Cache hits for pass.\nMAIN.cache_hitmiss                     0         0.00 Cache hits for miss.\nMAIN.cache_miss                        0         0.00 Cache misses\nMAIN.beresp_uncacheable                0         0.00 Uncacheable backend responses\nMAIN.beresp_shortlived                 0         0.00 Shortlived objects\nMAIN.backend_conn                      0         0.00 Backend conn. success\nMAIN.backend_unhealthy                 0         0.00 Backend conn. not attempted\nMAIN.backend_busy                      0         0.00 Backend conn. too many\nMAIN.backend_fail                      0         0.00 Backend conn. failures\nMAIN.backend_reuse                     0         0.00 Backend conn. reuses\nMAIN.backend_recycle                   0         0.00 Backend conn. recycles\nMAIN.backend_retry                     0         0.00 Backend conn. retry\nMAIN.fetch_head                        0         0.00 Fetch no body (HEAD)\nMAIN.fetch_length                      0         0.00 Fetch with Length\nMAIN.fetch_chunked                     0         0.00 Fetch chunked\nMAIN.fetch_eof                         0         0.00 Fetch EOF\nMAIN.fetch_bad                         0         0.00 Fetch bad T-E\nMAIN.fetch_none                        0         0.00 Fetch no body\nMAIN.fetch_1xx                         0         0.00 Fetch no body (1xx)\nMAIN.fetch_204                         0         0.00 Fetch no body (204)\nMAIN.fetch_304                         0         0.00 Fetch no body (304)\nMAIN.fetch_failed                      0         0.00 Fetch failed (all causes)\nMAIN.fetch_no_thread                   0         0.00 Fetch failed (no thread)\nMAIN.pools                             2          .   Number of thread pools\nMAIN.threads                         200          .   Total number of threads\nMAIN.threads_limited                   0         0.00 Threads hit max\nMAIN.threads_created                 200         9.52 Threads created\nMAIN.threads_destroyed                 0         0.00 Threads destroyed\nMAIN.threads_failed                    0         0.00 Thread creation failed\nMAIN.thread_queue_len                  0          .   Length of session queue\nMAIN.busy_sleep                        0         0.00 Number of requests sent to sleep on busy objhdr\nMAIN.busy_wakeup                       0         0.00 Number of requests woken after sleep on busy objhdr\nMAIN.busy_killed                       0         0.00 Number of requests killed after sleep on busy objhdr\nMAIN.sess_queued                       0         0.00 Sessions queued for thread\nMAIN.sess_dropped                      0         0.00 Sessions dropped for thread\nMAIN.req_dropped                       0         0.00 Requests dropped\nMAIN.n_object                          0          .   object structs made\nMAIN.n_vampireobject                   0          .   unresurrected objects\nMAIN.n_objectcore                      0          .   objectcore structs made\nMAIN.n_objecthead                      0          .   objecthead structs made\nMAIN.n_backend                         1          .   Number of backends\nMAIN.n_expired                         0         0.00 Number of expired objects\nMAIN.n_lru_nuked                       0         0.00 Number of LRU nuked objects\nMAIN.n_lru_moved                       0         0.00 Number of LRU moved objects\nMAIN.n_lru_limited                     0         0.00 Reached nuke_limit\nMAIN.losthdr                           0         0.00 HTTP header overflows\nMAIN.s_sess                            0         0.00 Total sessions seen\nMAIN.n_pipe                            0          .   Number of ongoing pipe sessions\nMAIN.pipe_limited                      0         0.00 Pipes hit pipe_sess_max\nMAIN.s_pipe                            0         0.00 Total pipe sessions seen\nMAIN.s_pass                            0         0.00 Total pass-ed requests seen\nMAIN.s_fetch                           0         0.00 Total backend fetches initiated\nMAIN.s_bgfetch                         0         0.00 Total backend background fetches initiated\nMAIN.s_synth                           0         0.00 Total synthetic responses made\nMAIN.s_req_hdrbytes                    0         0.00 Request header bytes\nMAIN.s_req_bodybytes                   0         0.00 Request body bytes\nMAIN.s_resp_hdrbytes                   0         0.00 Response header bytes\nMAIN.s_resp_bodybytes                  0         0.00 Response body bytes\nMAIN.s_pipe_hdrbytes                   0         0.00 Pipe request header bytes\nMAIN.s_pipe_in                         0         0.00 Piped bytes from client\nMAIN.s_pipe_out                        0         0.00 Piped bytes to client\nMAIN.sess_closed                       0         0.00 Session Closed\nMAIN.sess_closed_err                   0         0.00 Session Closed with error\nMAIN.sess_readahead                    0         0.00 Session Read Ahead\nMAIN.sess_herd                         0         0.00 Session herd\nMAIN.sc_rem_close                      0         0.00 Session OK  REM_CLOSE\nMAIN.sc_req_close                      0         0.00 Session OK  REQ_CLOSE\nMAIN.sc_req_http10                     0         0.00 Session Err REQ_HTTP10\nMAIN.sc_rx_bad                         0         0.00 Session Err RX_BAD\nMAIN.sc_rx_body                        0         0.00 Session Err RX_BODY\nMAIN.sc_rx_junk                        0         0.00 Session Err RX_JUNK\nMAIN.sc_rx_overflow                    0         0.00 Session Err RX_OVERFLOW\nMAIN.sc_rx_timeout                     0         0.00 Session Err RX_TIMEOUT\nMAIN.sc_rx_close_idle                  0         0.00 Session Err RX_CLOSE_IDLE\nMAIN.sc_tx_pipe                        0         0.00 Session OK  TX_PIPE\nMAIN.sc_tx_error                       0         0.00 Session Err TX_ERROR\nMAIN.sc_tx_eof                         0         0.00 Session OK  TX_EOF\nMAIN.sc_resp_close                     0         0.00 Session OK  RESP_CLOSE\nMAIN.sc_overload                       0         0.00 Session Err OVERLOAD\nMAIN.sc_pipe_overflow                  0         0.00 Session Err PIPE_OVERFLOW\nMAIN.sc_range_short                    0         0.00 Session Err RANGE_SHORT\nMAIN.sc_req_http20                     0         0.00 Session Err REQ_HTTP20\nMAIN.sc_vcl_failure                    0         0.00 Session Err VCL_FAILURE\nMAIN.client_resp_500                   0         0.00 Delivery failed due to insufficient workspace.\nMAIN.ws_backend_overflow               0         0.00 workspace_backend overflows\nMAIN.ws_client_overflow                0         0.00 workspace_client overflows\nMAIN.ws_thread_overflow                0         0.00 workspace_thread overflows\nMAIN.ws_session_overflow               0         0.00 workspace_session overflows\nMAIN.shm_records                      20         0.95 SHM records\nMAIN.shm_writes                       20         0.95 SHM writes\nMAIN.shm_flushes                       0         0.00 SHM flushes due to overflow\nMAIN.shm_cont                          0         0.00 SHM MTX contention\nMAIN.shm_cycles                        0         0.00 SHM cycles through buffer\nMAIN.backend_req                       0         0.00 Backend requests made\nMAIN.n_vcl                             1          .   Number of loaded VCLs in total\nMAIN.n_vcl_avail                       1          .   Number of VCLs available\nMAIN.n_vcl_discard                     0          .   Number of discarded VCLs\nMAIN.vcl_fail                          0         0.00 VCL failures\nMAIN.bans                              1          .   Count of bans\nMAIN.bans_completed                    1          .   Number of bans marked 'completed'\nMAIN.bans_obj                          0          .   Number of bans using obj.*\nMAIN.bans_req                          0          .   Number of bans using req.*\nMAIN.bans_added                        1         0.05 Bans added\nMAIN.bans_deleted                      0         0.00 Bans deleted\nMAIN.bans_tested                       0         0.00 Bans tested against objects (lookup)\nMAIN.bans_obj_killed                   0         0.00 Objects killed by bans (lookup)\nMAIN.bans_lurker_tested                0         0.00 Bans tested against objects (lurker)\nMAIN.bans_tests_tested                 0         0.00 Ban tests tested against objects (lookup)\nMAIN.bans_lurker_tests_tested            0         0.00 Ban tests tested against objects (lurker)\nMAIN.bans_lurker_obj_killed              0         0.00 Objects killed by bans (lurker)\nMAIN.bans_lurker_obj_killed_cutoff            0         0.00 Objects killed by bans for cutoff (lurker)\nMAIN.bans_dups                                0         0.00 Bans superseded by other bans\nMAIN.bans_lurker_contention                   0         0.00 Lurker gave way for lookup\nMAIN.bans_persisted_bytes                    16          .   Bytes used by the persisted ban lists\nMAIN.bans_persisted_fragmentation             0          .   Extra bytes in persisted ban lists due to fragmentation\nMAIN.n_purges                                 0         0.00 Number of purge operations executed\nMAIN.n_obj_purged                             0         0.00 Number of purged objects\nMAIN.exp_mailed                               0         0.00 Number of objects mailed to expiry thread\nMAIN.exp_received                             0         0.00 Number of objects received by expiry thread\nMAIN.hcb_nolock                               0         0.00 HCB Lookups without lock\nMAIN.hcb_lock                                 0         0.00 HCB Lookups with lock\nMAIN.hcb_insert                               0         0.00 HCB Inserts\nMAIN.esi_errors                               0         0.00 ESI parse errors (unlock)\nMAIN.esi_warnings                             0         0.00 ESI parse warnings (unlock)\nMAIN.vmods                                    0          .   Loaded VMODs\nMAIN.n_gzip                                   0         0.00 Gzip operations\nMAIN.n_gunzip                                 0         0.00 Gunzip operations\nMAIN.n_test_gunzip                            0         0.00 Test gunzip operations\nLCK.ban.creat                                 1         0.05 Created locks\nLCK.ban.destroy                               0         0.00 Destroyed locks\nLCK.ban.locks                                 8         0.38 Lock Operations\nLCK.ban.dbg_busy                              0         0.00 Contended lock operations\nLCK.ban.dbg_try_fail                          0         0.00 Contended trylock operations\nLCK.busyobj.creat                             0         0.00 Created locks\nLCK.busyobj.destroy                           0         0.00 Destroyed locks\nLCK.busyobj.locks                             0         0.00 Lock Operations\nLCK.busyobj.dbg_busy                          0         0.00 Contended lock operations\nLCK.busyobj.dbg_try_fail                      0         0.00 Contended trylock operations\nLCK.cli.creat                                 1         0.05 Created locks\nLCK.cli.destroy                               0         0.00 Destroyed locks\nLCK.cli.locks                                20         0.95 Lock Operations\nLCK.cli.dbg_busy                              0         0.00 Contended lock operations\nLCK.cli.dbg_try_fail                          0         0.00 Contended trylock operations\nLCK.director.creat                            1         0.05 Created locks\nLCK.director.destroy                          0         0.00 Destroyed locks\nLCK.director.locks                            0         0.00 Lock Operations\nLCK.director.dbg_busy                         0         0.00 Contended lock operations\nLCK.director.dbg_try_fail                     0         0.00 Contended trylock operations\nLCK.exp.creat                                 1         0.05 Created locks\nLCK.exp.destroy                               0         0.00 Destroyed locks\nLCK.exp.locks                                 8         0.38 Lock Operations\nLCK.exp.dbg_busy                              0         0.00 Contended lock operations\nLCK.exp.dbg_try_fail                          0         0.00 Contended trylock operations\nLCK.hcb.creat                                 1         0.05 Created locks\nLCK.hcb.destroy                               0         0.00 Destroyed locks\nLCK.hcb.locks                                 1         0.05 Lock Operations\nLCK.hcb.dbg_busy                              0         0.00 Contended lock operations\nLCK.hcb.dbg_try_fail                          0         0.00 Contended trylock operations\nLCK.lru.creat                                 2         0.10 Created locks\nLCK.lru.destroy                               0         0.00 Destroyed locks\nLCK.lru.locks                                 0         0.00 Lock Operations\nLCK.lru.dbg_busy                              0         0.00 Contended lock operations\nLCK.lru.dbg_try_fail                          0         0.00 Contended trylock operations\nLCK.mempool.creat                             5         0.24 Created locks\nLCK.mempool.destroy                           0         0.00 Destroyed locks\nLCK.mempool.locks                           140         6.67 Lock Operations\nLCK.mempool.dbg_busy                          0         0.00 Contended lock operations\nLCK.mempool.dbg_try_fail                      0         0.00 Contended trylock operations\nLCK.objhdr.creat                              1         0.05 Created locks\nLCK.objhdr.destroy                            0         0.00 Destroyed locks\nLCK.objhdr.locks                              0         0.00 Lock Operations\nLCK.objhdr.dbg_busy                           0         0.00 Contended lock operations\nLCK.objhdr.dbg_try_fail                       0         0.00 Contended trylock operations\nLCK.perpool.creat                             2         0.10 Created locks\nLCK.perpool.destroy                           0         0.00 Destroyed locks\nLCK.perpool.locks                           206         9.81 Lock Operations\nLCK.perpool.dbg_busy                          0         0.00 Contended lock operations\nLCK.perpool.dbg_try_fail                      0         0.00 Contended trylock operations\nLCK.pipestat.creat                            1         0.05 Created locks\nLCK.pipestat.destroy                          0         0.00 Destroyed locks\nLCK.pipestat.locks                            0         0.00 Lock Operations\nLCK.pipestat.dbg_busy                         0         0.00 Contended lock operations\nLCK.pipestat.dbg_try_fail                     0         0.00 Contended trylock operations\nLCK.probe.creat                               1         0.05 Created locks\nLCK.probe.destroy                             0         0.00 Destroyed locks\nLCK.probe.locks                               1         0.05 Lock Operations\nLCK.probe.dbg_busy                            0         0.00 Contended lock operations\nLCK.probe.dbg_try_fail                        0         0.00 Contended trylock operations\nLCK.sess.creat                                0         0.00 Created locks\nLCK.sess.destroy                              0         0.00 Destroyed locks\nLCK.sess.locks                                0         0.00 Lock Operations\nLCK.sess.dbg_busy                             0         0.00 Contended lock operations\nLCK.sess.dbg_try_fail                         0         0.00 Contended trylock operations\nLCK.conn_pool.creat                           2         0.10 Created locks\nLCK.conn_pool.destroy                         0         0.00 Destroyed locks\nLCK.conn_pool.locks                           1         0.05 Lock Operations\nLCK.conn_pool.dbg_busy                        0         0.00 Contended lock operations\nLCK.conn_pool.dbg_try_fail                    0         0.00 Contended trylock operations\nLCK.vbe.creat                                 1         0.05 Created locks\nLCK.vbe.destroy                               0         0.00 Destroyed locks\nLCK.vbe.locks                                 1         0.05 Lock Operations\nLCK.vbe.dbg_busy                              0         0.00 Contended lock operations\nLCK.vbe.dbg_try_fail                          0         0.00 Contended trylock operations\nLCK.vcapace.creat                             1         0.05 Created locks\nLCK.vcapace.destroy                           0         0.00 Destroyed locks\nLCK.vcapace.locks                             0         0.00 Lock Operations\nLCK.vcapace.dbg_busy                          0         0.00 Contended lock operations\nLCK.vcapace.dbg_try_fail                      0         0.00 Contended trylock operations\nLCK.vcl.creat                                 1         0.05 Created locks\nLCK.vcl.destroy                               0         0.00 Destroyed locks\nLCK.vcl.locks                                 3         0.14 Lock Operations\nLCK.vcl.dbg_busy                              0         0.00 Contended lock operations\nLCK.vcl.dbg_try_fail                          0         0.00 Contended trylock operations\nLCK.vxid.creat                                1         0.05 Created locks\nLCK.vxid.destroy                              0         0.00 Destroyed locks\nLCK.vxid.locks                                0         0.00 Lock Operations\nLCK.vxid.dbg_busy                             0         0.00 Contended lock operations\nLCK.vxid.dbg_try_fail                         0         0.00 Contended trylock operations\nLCK.waiter.creat                              2         0.10 Created locks\nLCK.waiter.destroy                            0         0.00 Destroyed locks\nLCK.waiter.locks                              2         0.10 Lock Operations\nLCK.waiter.dbg_busy                           0         0.00 Contended lock operations\nLCK.waiter.dbg_try_fail                       0         0.00 Contended trylock operations\nLCK.wq.creat                                  1         0.05 Created locks\nLCK.wq.destroy                                0         0.00 Destroyed locks\nLCK.wq.locks                                223        10.62 Lock Operations\nLCK.wq.dbg_busy                               0         0.00 Contended lock operations\nLCK.wq.dbg_try_fail                           0         0.00 Contended trylock operations\nLCK.wstat.creat                               1         0.05 Created locks\nLCK.wstat.destroy                             0         0.00 Destroyed locks\nLCK.wstat.locks                               9         0.43 Lock Operations\nLCK.wstat.dbg_busy                            0         0.00 Contended lock operations\nLCK.wstat.dbg_try_fail                        0         0.00 Contended trylock operations\nMEMPOOL.busyobj.live                          0          .   In use\nMEMPOOL.busyobj.pool                         10          .   In Pool\nMEMPOOL.busyobj.sz_wanted                 98304          .   Size requested\nMEMPOOL.busyobj.sz_actual                 98272          .   Size allocated\nMEMPOOL.busyobj.allocs                        0         0.00 Allocations\nMEMPOOL.busyobj.frees                         0         0.00 Frees\nMEMPOOL.busyobj.recycle                       0         0.00 Recycled from pool\nMEMPOOL.busyobj.timeout                       0         0.00 Timed out from pool\nMEMPOOL.busyobj.toosmall                      0         0.00 Too small to recycle\nMEMPOOL.busyobj.surplus                       0         0.00 Too many for pool\nMEMPOOL.busyobj.randry                        0         0.00 Pool ran dry\nMEMPOOL.req0.live                             0          .   In use\nMEMPOOL.req0.pool                            10          .   In Pool\nMEMPOOL.req0.sz_wanted                    98304          .   Size requested\nMEMPOOL.req0.sz_actual                    98272          .   Size allocated\nMEMPOOL.req0.allocs                           0         0.00 Allocations\nMEMPOOL.req0.frees                            0         0.00 Frees\nMEMPOOL.req0.recycle                          0         0.00 Recycled from pool\nMEMPOOL.req0.timeout                          0         0.00 Timed out from pool\nMEMPOOL.req0.toosmall                         0         0.00 Too small to recycle\nMEMPOOL.req0.surplus                          0         0.00 Too many for pool\nMEMPOOL.req0.randry                           0         0.00 Pool ran dry\nMEMPOOL.sess0.live                            0          .   In use\nMEMPOOL.sess0.pool                           10          .   In Pool\nMEMPOOL.sess0.sz_wanted                     768          .   Size requested\nMEMPOOL.sess0.sz_actual                     736          .   Size allocated\nMEMPOOL.sess0.allocs                          0         0.00 Allocations\nMEMPOOL.sess0.frees                           0         0.00 Frees\nMEMPOOL.sess0.recycle                         0         0.00 Recycled from pool\nMEMPOOL.sess0.timeout                         0         0.00 Timed out from pool\nMEMPOOL.sess0.toosmall                        0         0.00 Too small to recycle\nMEMPOOL.sess0.surplus                         0         0.00 Too many for pool\nMEMPOOL.sess0.randry                          0         0.00 Pool ran dry\nLCK.sma.creat                                 2         0.10 Created locks\nLCK.sma.destroy                               0         0.00 Destroyed locks\nLCK.sma.locks                                 0         0.00 Lock Operations\nLCK.sma.dbg_busy                              0         0.00 Contended lock operations\nLCK.sma.dbg_try_fail                          0         0.00 Contended trylock operations\nSMA.s0.c_req                                  0         0.00 Allocator requests\nSMA.s0.c_fail                                 0         0.00 Allocator failures\nSMA.s0.c_bytes                                0         0.00 Bytes allocated\nSMA.s0.c_freed                                0         0.00 Bytes freed\nSMA.s0.g_alloc                                0          .   Allocations outstanding\nSMA.s0.g_bytes                                0          .   Bytes outstanding\nSMA.s0.g_space                        268435456          .   Bytes available\nSMA.Transient.c_req                           0         0.00 Allocator requests\nSMA.Transient.c_fail                          0         0.00 Allocator failures\nSMA.Transient.c_bytes                         0         0.00 Bytes allocated\nSMA.Transient.c_freed                         0         0.00 Bytes freed\nSMA.Transient.g_alloc                         0          .   Allocations outstanding\nSMA.Transient.g_bytes                         0          .   Bytes outstanding\nSMA.Transient.g_space                         0          .   Bytes available\nMEMPOOL.req1.live                             0          .   In use\nMEMPOOL.req1.pool                            10          .   In Pool\nMEMPOOL.req1.sz_wanted                    98304          .   Size requested\nMEMPOOL.req1.sz_actual                    98272          .   Size allocated\nMEMPOOL.req1.allocs                           0         0.00 Allocations\nMEMPOOL.req1.frees                            0         0.00 Frees\nMEMPOOL.req1.recycle                          0         0.00 Recycled from pool\nMEMPOOL.req1.timeout                          0         0.00 Timed out from pool\nMEMPOOL.req1.toosmall                         0         0.00 Too small to recycle\nMEMPOOL.req1.surplus                          0         0.00 Too many for pool\nMEMPOOL.req1.randry                           0         0.00 Pool ran dry\nVBE.boot.default.happy                        0          .   Happy health probes\nVBE.boot.default.bereq_hdrbytes               0         0.00 Request header bytes\nVBE.boot.default.bereq_bodybytes              0         0.00 Request body bytes\nVBE.boot.default.beresp_hdrbytes              0         0.00 Response header bytes\nVBE.boot.default.beresp_bodybytes             0         0.00 Response body bytes\nVBE.boot.default.pipe_hdrbytes                0         0.00 Pipe request header bytes\nVBE.boot.default.pipe_out                     0         0.00 Piped bytes to backend\nVBE.boot.default.pipe_in                      0         0.00 Piped bytes from backend\nVBE.boot.default.conn                         0          .   Concurrent connections used\nVBE.boot.default.req                          0         0.00 Backend requests sent\nVBE.boot.default.unhealthy                    0         0.00 Fetches not attempted due to backend being unhealthy\nVBE.boot.default.busy                         0         0.00 Fetches not attempted due to backend being busy\nVBE.boot.default.fail                         0         0.00 Connections failed\nVBE.boot.default.fail_eacces                  0         0.00 Connections failed with EACCES or EPERM\nVBE.boot.default.fail_eaddrnotavail            0         0.00 Connections failed with EADDRNOTAVAIL\nVBE.boot.default.fail_econnrefused             0         0.00 Connections failed with ECONNREFUSED\nVBE.boot.default.fail_enetunreach              0         0.00 Connections failed with ENETUNREACH\nVBE.boot.default.fail_etimedout                0         0.00 Connections failed ETIMEDOUT\nVBE.boot.default.fail_other                    0         0.00 Connections failed for other reason\nVBE.boot.default.helddown                      0         0.00 Connection opens not attempted\nMEMPOOL.sess1.live                             0          .   In use\nMEMPOOL.sess1.pool                            10          .   In Pool\nMEMPOOL.sess1.sz_wanted                      768          .   Size requested\nMEMPOOL.sess1.sz_actual                      736          .   Size allocated\nMEMPOOL.sess1.allocs                           0         0.00 Allocations\nMEMPOOL.sess1.frees                            0         0.00 Frees\nMEMPOOL.sess1.recycle                          0         0.00 Recycled from pool\nMEMPOOL.sess1.timeout                          0         0.00 Timed out from pool\nMEMPOOL.sess1.toosmall                         0         0.00 Too small to recycle\nMEMPOOL.sess1.surplus                          0         0.00 Too many for pool\nMEMPOOL.sess1.randry                           0         0.00 Pool ran dry\n[2024-09-19 10:55:32] Stopping Varnish service...\n[2024-09-19 10:55:32] Varnish functionality test passed successfully.\n[2024-09-19 10:55:32] Varnish is functioning correctly.\n[2024-09-19 10:55:32] Cleaned up temporary directory.\n[2024-09-19 10:55:32] Varnish test script completed.\n",
        "passed": true
      }
    ],
    "all_tests_passed": true
  },
  {
    "distro": "bianbu",
    "os_version": "Linux version 6.1.15 (root@bianbu-build-deb-37zn1-v692p) (gcc (Ubuntu 13.2.0-4ubuntu3-bb2) 13.2.0, GNU ld (GNU Binutils for Ubuntu) 2.41) #1.0 SMP PREEMPT Thu May 30 13:16:13 UTC 2024\n",
    "kernel_version": "6.1.15\n",
    "package_name": "openssl",
    "package_type": "package",
    "package_version": "3.0.10",
    "test_results": [
      {
        "test_name": "test.sh",
        "output": "OpenSSL is installed.\nOpenSSL encryption and decryption test passed.\nOpenSSL is functioning correctly.\n",
        "passed": true
      }
    ],
    "all_tests_passed": true
  },
  {
    "distro": "bianbu",
    "os_version": "Linux version 6.1.15 (root@bianbu-build-deb-37zn1-v692p) (gcc (Ubuntu 13.2.0-4ubuntu3-bb2) 13.2.0, GNU ld (GNU Binutils for Ubuntu) 2.41) #1.0 SMP PREEMPT Thu May 30 13:16:13 UTC 2024\n",
    "kernel_version": "6.1.15\n",
    "package_name": "postgresql",
    "package_type": "package",
    "package_version": "15.4",
    "test_results": [
      {
        "test_name": "test.sh",
        "output": "PostgreSQL is not installed. Attempting to install...\n:1 http://archive.spacemit.com/bianbu-ports mantic/snapshots/v1.0 InRelease\n:2 http://archive.spacemit.com/bianbu-ports mantic-security/snapshots/v1.0 InRelease\n:3 http://archive.spacemit.com/bianbu-ports mantic-spacemit/snapshots/v1.0 InRelease\n:4 http://archive.spacemit.com/bianbu-ports mantic-porting/snapshots/v1.0 InRelease\n:5 http://archive.spacemit.com/bianbu-ports mantic-customization/snapshots/v1.0 InRelease\n...\n...\n...\n...\n\n  libcommon-sense-perl libjson-perl libjson-xs-perl libtypes-serialiser-perl\n  postgresql-15 postgresql-client-15 postgresql-client-common\n  postgresql-common\n\n  postgresql-doc postgresql-doc-15\n\n  libcommon-sense-perl libjson-perl libjson-xs-perl libtypes-serialiser-perl\n  postgresql postgresql-15 postgresql-client-15 postgresql-client-common\n  postgresql-common postgresql-contrib\n 0  10  0  0 \n 8,697 kB \n 35.9 MB \n:1 http://archive.spacemit.com/bianbu-ports mantic/snapshots/v1.0/main riscv64 libjson-perl all 4.10000-1 [81.8 kB]\n:2 http://archive.spacemit.com/bianbu-ports mantic/snapshots/v1.0/main riscv64 postgresql-client-common all 253 [36.3 kB]\n:3 http://archive.spacemit.com/bianbu-ports mantic/snapshots/v1.0/main riscv64 postgresql-common all 253 [185 kB]\n:4 http://archive.spacemit.com/bianbu-ports mantic/snapshots/v1.0/main riscv64 libcommon-sense-perl riscv64 3.75-3 [20.8 kB]\n:5 http://archive.spacemit.com/bianbu-ports mantic/snapshots/v1.0/main riscv64 libtypes-serialiser-perl all 1.01-1 [11.6 kB]\n:6 http://archive.spacemit.com/bianbu-ports mantic/snapshots/v1.0/main riscv64 libjson-xs-perl riscv64 4.030-2 [87.0 kB]\n:7 http://archive.spacemit.com/bianbu-ports mantic/snapshots/v1.0/main riscv64 postgresql-client-15 riscv64 15.4-1ubuntu1 [1,797 kB]\n:8 http://archive.spacemit.com/bianbu-ports mantic/snapshots/v1.0/main riscv64 postgresql-15 riscv64 15.4-1ubuntu1 [6,456 kB]\n:9 http://archive.spacemit.com/bianbu-ports mantic/snapshots/v1.0/main riscv64 postgresql all 15+253 [10.6 kB]\n:10 http://archive.spacemit.com/bianbu-ports mantic/snapshots/v1.0/main riscv64 postgresql-contrib all 15+253 [10.6 kB]\n ...\n 8,697 kB 1 (9,127 kB/s)\n libjson-perl\r\n( ... \r( ... 5%\r( ... 10%\r( ... 15%\r( ... 20%\r( ... 25%\r( ... 30%\r( ... 35%\r( ... 40%\r( ... 45%\r( ... 50%\r( ... 55%\r( ... 60%\r( ... 65%\r( ... 70%\r( ... 75%\r( ... 80%\r( ... 85%\r( ... 90%\r( ... 95%\r( ... 100%\r( ...  265997 )\r\n .../0-libjson-perl_4.10000-1_all.deb  ...\r\n libjson-perl (4.10000-1) ...\r\n postgresql-client-common\r\n .../1-postgresql-client-common_253_all.deb  ...\r\n postgresql-client-common (253) ...\r\n postgresql-common\r\n .../2-postgresql-common_253_all.deb  ...\r\n  postgresql-common  /usr/bin/pg_config  /usr/bin/pg_config.libpq-dev \r\n postgresql-common (253) ...\r\n libcommon-sense-perl:riscv64\r\n .../3-libcommon-sense-perl_3.75-3_riscv64.deb  ...\r\n libcommon-sense-perl:riscv64 (3.75-3) ...\r\n libtypes-serialiser-perl\r\n .../4-libtypes-serialiser-perl_1.01-1_all.deb  ...\r\n libtypes-serialiser-perl (1.01-1) ...\r\n libjson-xs-perl\r\n .../5-libjson-xs-perl_4.030-2_riscv64.deb  ...\r\n libjson-xs-perl (4.030-2) ...\r\n postgresql-client-15\r\n .../6-postgresql-client-15_15.4-1ubuntu1_riscv64.deb  ...\r\n postgresql-client-15 (15.4-1ubuntu1) ...\r\n postgresql-15\r\n .../7-postgresql-15_15.4-1ubuntu1_riscv64.deb  ...\r\n postgresql-15 (15.4-1ubuntu1) ...\r\n postgresql\r\n .../8-postgresql_15+253_all.deb  ...\r\n postgresql (15+253) ...\r\n postgresql-contrib\r\n .../9-postgresql-contrib_15+253_all.deb  ...\r\n postgresql-contrib (15+253) ...\r\n postgresql-client-common (253) ...\r\n libcommon-sense-perl:riscv64 (3.75-3) ...\r\n postgresql-client-15 (15.4-1ubuntu1) ...\r\nupdate-alternatives:  /usr/share/postgresql/15/man/man1/psql.1.gz  /usr/share/man/man1/psql.1.gz (psql.1.gz)\r\n libtypes-serialiser-perl (1.01-1) ...\r\n libjson-perl (4.10000-1) ...\r\n libjson-xs-perl (4.030-2) ...\r\n postgresql-common (253) ...\r\nsupported-versions: WARNING! Unknown distribution ID in /etc/os-release: bianbu\r\ndebian found in ID_LIKE, treating as Debian\r\n\r\nCreating config file /etc/postgresql-common/createcluster.conf with new version\r\nBuilding PostgreSQL dictionaries from installed myspell/hunspell packages...\r\n  en_au\r\n  en_ca\r\n  en_gb\r\n  en_us\r\n  en_za\r\nRemoving obsolete dictionary files:\r\nCreated symlink /etc/systemd/system/multi-user.target.wants/postgresql.service  /lib/systemd/system/postgresql.service.\r\n postgresql-15 (15.4-1ubuntu1) ...\r\nCreating new PostgreSQL cluster 15/main ...\r\n/usr/lib/postgresql/15/bin/initdb -D /var/lib/postgresql/15/main --auth-local peer --auth-host scram-sha-256 --no-instructions\r\n \"postgres\".\r\n.\r\n \"zh_CN.UTF-8\".\r\n \"UTF8\".\r\ninitdb: \"zh_CN.UTF-8\"\r\n\"simple\"\r\n\r\n.\r\n\r\n /var/lib/postgresql/15/main  ... \r\n ... \r\n ......posix\r\n (max_connections) ... 100\r\n (shared_buffers) ... 128MB\r\n ... Asia/Shanghai\r\n ... \r\n ...\r\n ...\r\n...\r\n postgresql-contrib (15+253) ...\r\n postgresql (15+253) ...\r\n man-db (2.11.2-3)  ...\r\nPostgreSQL installed successfully.\nCREATE ROLE\nDROP ROLE\nPostgreSQL is functioning correctly.\nPostgreSQL is functioning correctly.\n",
        "passed": true
      }
    ],
    "all_tests_passed": true
  },
  {
    "distro": "bianbu",
    "os_version": "Linux version 6.1.15 (root@bianbu-build-deb-37zn1-v692p) (gcc (Ubuntu 13.2.0-4ubuntu3-bb2) 13.2.0, GNU ld (GNU Binutils for Ubuntu) 2.41) #1.0 SMP PREEMPT Thu May 30 13:16:13 UTC 2024\n",
    "kernel_version": "6.1.15\n",
    "package_name": "redis",
    "package_type": "package",
    "package_version": "7.0.12",
    "test_results": [
      {
        "test_name": "test.sh",
        "output": "Redis is not installed. Attempting to install...\n:1 http://archive.spacemit.com/bianbu-ports mantic/snapshots/v1.0 InRelease\n:2 http://archive.spacemit.com/bianbu-ports mantic-security/snapshots/v1.0 InRelease\n:3 http://archive.spacemit.com/bianbu-ports mantic-spacemit/snapshots/v1.0 InRelease\n:4 http://archive.spacemit.com/bianbu-ports mantic-porting/snapshots/v1.0 InRelease\n:5 http://archive.spacemit.com/bianbu-ports mantic-customization/snapshots/v1.0 InRelease\n...\n...\n...\n...\n\n  liblzf1 redis-tools\n\n  ruby-redis\n\n  liblzf1 redis-server redis-tools\n 0  3  0  0 \n 1,196 kB \n 5,925 kB \n:1 http://archive.spacemit.com/bianbu-ports mantic/snapshots/v1.0/universe riscv64 liblzf1 riscv64 3.6-4 [7,554 B]\n:2 http://archive.spacemit.com/bianbu-ports mantic/snapshots/v1.0/universe riscv64 redis-tools riscv64 5:7.0.12-1 [1,116 kB]\n:3 http://archive.spacemit.com/bianbu-ports mantic/snapshots/v1.0/universe riscv64 redis-server riscv64 5:7.0.12-1 [72.0 kB]\n 1,196 kB 0 (2,570 kB/s)\n liblzf1:riscv64\r\n( ... \r( ... 5%\r( ... 10%\r( ... 15%\r( ... 20%\r( ... 25%\r( ... 30%\r( ... 35%\r( ... 40%\r( ... 45%\r( ... 50%\r( ... 55%\r( ... 60%\r( ... 65%\r( ... 70%\r( ... 75%\r( ... 80%\r( ... 85%\r( ... 90%\r( ... 95%\r( ... 100%\r( ...  267128 )\r\n .../liblzf1_3.6-4_riscv64.deb  ...\r\n liblzf1:riscv64 (3.6-4) ...\r\n redis-tools\r\n .../redis-tools_5%3a7.0.12-1_riscv64.deb  ...\r\n redis-tools (5:7.0.12-1) ...\r\n redis-server\r\n .../redis-server_5%3a7.0.12-1_riscv64.deb  ...\r\n redis-server (5:7.0.12-1) ...\r\n liblzf1:riscv64 (3.6-4) ...\r\n redis-tools (5:7.0.12-1) ...\r\n redis-server (5:7.0.12-1) ...\r\nCreated symlink /etc/systemd/system/redis.service  /lib/systemd/system/redis-server.service.\r\nCreated symlink /etc/systemd/system/multi-user.target.wants/redis-server.service  /lib/systemd/system/redis-server.service.\r\n man-db (2.11.2-3)  ...\r\n libc-bin (2.38-1ubuntu6.1-bb4)  ...\r\nRedis installed successfully.\nRedis is functioning correctly.\nRedis is functioning correctly.\n",
        "passed": true
      }
    ],
    "all_tests_passed": true
  },
  {
    "distro": "bianbu",
    "os_version": "Linux version 6.1.15 (root@bianbu-build-deb-37zn1-v692p) (gcc (Ubuntu 13.2.0-4ubuntu3-bb2) 13.2.0, GNU ld (GNU Binutils for Ubuntu) 2.41) #1.0 SMP PREEMPT Thu May 30 13:16:13 UTC 2024\n",
    "kernel_version": "6.1.15\n",
    "package_name": "runc",
    "package_type": "package",
    "package_version": "",
    "test_results": [
      {
        "test_name": "test.sh",
        "output": "[2024-09-19 10:58:18] Starting runC test script...\n[2024-09-19 10:58:18] Checking system prerequisites...\n[2024-09-19 10:58:18] Kernel version: 6.1.15\n[2024-09-19 10:58:19] System prerequisites check completed.\n[2024-09-19 10:58:19] runC is not installed.\n[2024-09-19 10:58:19] Attempting to install runC...\n:1 http://archive.spacemit.com/bianbu-ports mantic/snapshots/v1.0 InRelease\n:2 http://archive.spacemit.com/bianbu-ports mantic-security/snapshots/v1.0 InRelease\n:3 http://archive.spacemit.com/bianbu-ports mantic-spacemit/snapshots/v1.0 InRelease\n:4 http://archive.spacemit.com/bianbu-ports mantic-porting/snapshots/v1.0 InRelease\n:5 http://archive.spacemit.com/bianbu-ports mantic-customization/snapshots/v1.0 InRelease\n...\n...\n...\n...\n\n  runc\n 0  1  0  0 \n 4,368 kB \n 18.8 MB \n:1 http://archive.spacemit.com/bianbu-ports mantic/snapshots/v1.0/main riscv64 runc riscv64 1.1.7-0ubuntu2 [4,368 kB]\n 4,368 kB 0 (8,868 kB/s)\n runc\r\n( ... \r( ... 5%\r( ... 10%\r( ... 15%\r( ... 20%\r( ... 25%\r( ... 30%\r( ... 35%\r( ... 40%\r( ... 45%\r( ... 50%\r( ... 55%\r( ... 60%\r( ... 65%\r( ... 70%\r( ... 75%\r( ... 80%\r( ... 85%\r( ... 90%\r( ... 95%\r( ... 100%\r( ...  267171 )\r\n .../runc_1.1.7-0ubuntu2_riscv64.deb  ...\r\n runc (1.1.7-0ubuntu2) ...\r\n runc (1.1.7-0ubuntu2) ...\r\n man-db (2.11.2-3)  ...\r\n[2024-09-19 10:58:54] runC installed successfully.\n[2024-09-19 10:58:54] Created temporary directory: /tmp/tmp.nvhiZPqOo6\n[2024-09-19 10:58:54] Created config.json in /tmp/tmp.nvhiZPqOo6/bundle\n[2024-09-19 10:58:54] Attempting to run runc container...\n[2024-09-19 10:58:54] Failed to run runc container. Output:\n[2024-09-19 10:58:54] time=\"2024-09-19T10:58:54+08:00\" level=error msg=\"runc run failed: unable to start container process: error closing exec fds: open /proc/self/fd: no such file or directory\"\n[2024-09-19 10:58:54] runC is not functioning correctly.\n",
        "passed": false
      }
    ],
    "all_tests_passed": false
  },
  {
    "distro": "bianbu",
    "os_version": "Linux version 6.1.15 (root@bianbu-build-deb-37zn1-v692p) (gcc (Ubuntu 13.2.0-4ubuntu3-bb2) 13.2.0, GNU ld (GNU Binutils for Ubuntu) 2.41) #1.0 SMP PREEMPT Thu May 30 13:16:13 UTC 2024\n",
    "kernel_version": "6.1.15\n",
    "package_name": "scipy",
    "package_type": "package",
    "package_version": "1.10.1 (python 3.11.6)",
    "test_results": [
      {
        "test_name": "test.sh",
        "output": "[2024-09-19 10:58:57] Current directory: /tmp/lintestor/bianbu/scipy\n[2024-09-19 10:58:57] Created temporary directory: /tmp/tmp.JoAAcRhxdv\n[2024-09-19 10:58:57] Starting SciPy test script...\n[2024-09-19 10:58:57] Checking system prerequisites...\n[2024-09-19 10:58:57] System prerequisites check passed.\n[2024-09-19 10:58:58] SciPy is not installed.\n[2024-09-19 10:58:58] Attempting to install SciPy...\n:1 http://archive.spacemit.com/bianbu-ports mantic/snapshots/v1.0 InRelease\n:2 http://archive.spacemit.com/bianbu-ports mantic-security/snapshots/v1.0 InRelease\n:3 http://archive.spacemit.com/bianbu-ports mantic-spacemit/snapshots/v1.0 InRelease\n:4 http://archive.spacemit.com/bianbu-ports mantic-porting/snapshots/v1.0 InRelease\n:5 http://archive.spacemit.com/bianbu-ports mantic-customization/snapshots/v1.0 InRelease\n...\n...\n...\n...\n\n  libboost-dev libboost1.74-dev liblbfgsb0 libopenblas-dev\n  libopenblas-pthread-dev libopenblas0 libopenblas0-pthread libpython3-all-dev\n  libxsimd-dev python3-all python3-all-dev python3-beniget python3-decorator\n  python3-gast python3-ply python3-pythran\n\n  libboost-doc libboost1.74-doc libboost-atomic1.74-dev\n  libboost-chrono1.74-dev libboost-container1.74-dev libboost-context1.74-dev\n  libboost-contract1.74-dev libboost-coroutine1.74-dev\n  libboost-date-time1.74-dev libboost-exception1.74-dev libboost-fiber1.74-dev\n  libboost-filesystem1.74-dev libboost-graph1.74-dev\n  libboost-graph-parallel1.74-dev libboost-iostreams1.74-dev\n  libboost-locale1.74-dev libboost-log1.74-dev libboost-math1.74-dev\n  libboost-mpi1.74-dev libboost-mpi-python1.74-dev libboost-numpy1.74-dev\n  libboost-program-options1.74-dev libboost-python1.74-dev\n  libboost-random1.74-dev libboost-regex1.74-dev\n  libboost-serialization1.74-dev libboost-stacktrace1.74-dev\n  libboost-system1.74-dev libboost-test1.74-dev libboost-thread1.74-dev\n  libboost-timer1.74-dev libboost-type-erasure1.74-dev libboost-wave1.74-dev\n  libboost1.74-tools-dev libmpfrc++-dev libntl-dev libboost-nowide1.74-dev\n  libxsimd-doc python-ply-doc python-scipy-doc\n\n  libboost-dev libboost1.74-dev liblbfgsb0 libopenblas-dev\n  libopenblas-pthread-dev libopenblas0 libopenblas0-pthread libpython3-all-dev\n  libxsimd-dev python3-all python3-all-dev python3-beniget python3-decorator\n  python3-gast python3-ply python3-pythran python3-scipy\n 0  17  0  0 \n 37.0 MB \n 280 MB \n:1 http://archive.spacemit.com/bianbu-ports mantic/snapshots/v1.0/main riscv64 libboost1.74-dev riscv64 1.74.0+ds1-22ubuntu1 [9,585 kB]\n:2 http://archive.spacemit.com/bianbu-ports mantic/snapshots/v1.0/main riscv64 libboost-dev riscv64 1.74.0.3ubuntu7 [4,060 B]\n:3 http://archive.spacemit.com/bianbu-ports mantic/snapshots/v1.0/universe riscv64 libopenblas0-pthread riscv64 0.3.23+ds-3 [3,082 kB]\n:4 http://archive.spacemit.com/bianbu-ports mantic/snapshots/v1.0/universe riscv64 liblbfgsb0 riscv64 3.0+dfsg.4-1 [29.2 kB]\n:5 http://archive.spacemit.com/bianbu-ports mantic/snapshots/v1.0/universe riscv64 libopenblas0 riscv64 0.3.23+ds-3 [11.9 kB]\n:6 http://archive.spacemit.com/bianbu-ports mantic/snapshots/v1.0/universe riscv64 libopenblas-pthread-dev riscv64 0.3.23+ds-3 [7,552 kB]\n:7 http://archive.spacemit.com/bianbu-ports mantic/snapshots/v1.0/universe riscv64 libopenblas-dev riscv64 0.3.23+ds-3 [24.3 kB]\n:8 http://archive.spacemit.com/bianbu-ports mantic/snapshots/v1.0/main riscv64 libpython3-all-dev riscv64 3.11.4-5 [868 B]\n:9 http://archive.spacemit.com/bianbu-ports mantic/snapshots/v1.0/universe riscv64 libxsimd-dev riscv64 8.1.0-7 [90.8 kB]\n:10 http://archive.spacemit.com/bianbu-ports mantic/snapshots/v1.0/main riscv64 python3-all riscv64 3.11.4-5 [854 B]\n:11 http://archive.spacemit.com/bianbu-ports mantic/snapshots/v1.0/main riscv64 python3-all-dev riscv64 3.11.4-5 [864 B]\n:12 http://archive.spacemit.com/bianbu-ports mantic/snapshots/v1.0/universe riscv64 python3-gast all 0.5.2-2 [9,322 B]\n:13 http://archive.spacemit.com/bianbu-ports mantic/snapshots/v1.0/universe riscv64 python3-beniget all 0.4.1-3 [9,990 B]\n:14 http://archive.spacemit.com/bianbu-ports mantic/snapshots/v1.0/main riscv64 python3-decorator all 5.1.1-4 [9,930 B]\n:15 http://archive.spacemit.com/bianbu-ports mantic/snapshots/v1.0/main riscv64 python3-ply all 3.11-5 [46.5 kB]\n:16 http://archive.spacemit.com/bianbu-ports mantic/snapshots/v1.0/universe riscv64 python3-pythran riscv64 0.11.0+ds-8 [427 kB]\n:17 http://archive.spacemit.com/bianbu-ports mantic/snapshots/v1.0/universe riscv64 python3-scipy riscv64 1.10.1-2 [16.1 MB]\n 37.0 MB 2 (15.0 MB/s)\n libboost1.74-dev:riscv64\r\n( ... \r( ... 5%\r( ... 10%\r( ... 15%\r( ... 20%\r( ... 25%\r( ... 30%\r( ... 35%\r( ... 40%\r( ... 45%\r( ... 50%\r( ... 55%\r( ... 60%\r( ... 65%\r( ... 70%\r( ... 75%\r( ... 80%\r( ... 85%\r( ... 90%\r( ... 95%\r( ... 100%\r( ...  267198 )\r\n .../00-libboost1.74-dev_1.74.0+ds1-22ubuntu1_riscv64.deb  ...\r\n libboost1.74-dev:riscv64 (1.74.0+ds1-22ubuntu1) ...\r\n libboost-dev:riscv64\r\n .../01-libboost-dev_1.74.0.3ubuntu7_riscv64.deb  ...\r\n libboost-dev:riscv64 (1.74.0.3ubuntu7) ...\r\n libopenblas0-pthread:riscv64\r\n .../02-libopenblas0-pthread_0.3.23+ds-3_riscv64.deb  ...\r\n libopenblas0-pthread:riscv64 (0.3.23+ds-3) ...\r\n liblbfgsb0:riscv64\r\n .../03-liblbfgsb0_3.0+dfsg.4-1_riscv64.deb  ...\r\n liblbfgsb0:riscv64 (3.0+dfsg.4-1) ...\r\n libopenblas0:riscv64\r\n .../04-libopenblas0_0.3.23+ds-3_riscv64.deb  ...\r\n libopenblas0:riscv64 (0.3.23+ds-3) ...\r\n libopenblas-pthread-dev:riscv64\r\n .../05-libopenblas-pthread-dev_0.3.23+ds-3_riscv64.deb  ...\r\n libopenblas-pthread-dev:riscv64 (0.3.23+ds-3) ...\r\n libopenblas-dev:riscv64\r\n .../06-libopenblas-dev_0.3.23+ds-3_riscv64.deb  ...\r\n libopenblas-dev:riscv64 (0.3.23+ds-3) ...\r\n libpython3-all-dev:riscv64\r\n .../07-libpython3-all-dev_3.11.4-5_riscv64.deb  ...\r\n libpython3-all-dev:riscv64 (3.11.4-5) ...\r\n libxsimd-dev:riscv64\r\n .../08-libxsimd-dev_8.1.0-7_riscv64.deb  ...\r\n libxsimd-dev:riscv64 (8.1.0-7) ...\r\n python3-all\r\n .../09-python3-all_3.11.4-5_riscv64.deb  ...\r\n python3-all (3.11.4-5) ...\r\n python3-all-dev\r\n .../10-python3-all-dev_3.11.4-5_riscv64.deb  ...\r\n python3-all-dev (3.11.4-5) ...\r\n python3-gast\r\n .../11-python3-gast_0.5.2-2_all.deb  ...\r\n python3-gast (0.5.2-2) ...\r\n python3-beniget\r\n .../12-python3-beniget_0.4.1-3_all.deb  ...\r\n python3-beniget (0.4.1-3) ...\r\n python3-decorator\r\n .../13-python3-decorator_5.1.1-4_all.deb  ...\r\n python3-decorator (5.1.1-4) ...\r\n python3-ply\r\n .../14-python3-ply_3.11-5_all.deb  ...\r\n python3-ply (3.11-5) ...\r\n python3-pythran\r\n .../15-python3-pythran_0.11.0+ds-8_riscv64.deb  ...\r\n python3-pythran (0.11.0+ds-8) ...\r\n python3-scipy\r\n .../16-python3-scipy_1.10.1-2_riscv64.deb  ...\r\n python3-scipy (1.10.1-2) ...\r\n libboost1.74-dev:riscv64 (1.74.0+ds1-22ubuntu1) ...\r\n libopenblas0-pthread:riscv64 (0.3.23+ds-3) ...\r\nupdate-alternatives:  /usr/lib/riscv64-linux-gnu/openblas-pthread/libblas.so.3  /usr/lib/riscv64-linux-gnu/libblas.so.3 (libblas.so.3-riscv64-linux-gnu)\r\nupdate-alternatives:  /usr/lib/riscv64-linux-gnu/openblas-pthread/liblapack.so.3  /usr/lib/riscv64-linux-gnu/liblapack.so.3 (liblapack.so.3-riscv64-linux-gnu)\r\nupdate-alternatives:  /usr/lib/riscv64-linux-gnu/openblas-pthread/libopenblas.so.0  /usr/lib/riscv64-linux-gnu/libopenblas.so.0 (libopenblas.so.0-riscv64-linux-gnu)\r\n python3-ply (3.11-5) ...\r\n python3-gast (0.5.2-2) ...\r\n python3-all (3.11.4-5) ...\r\n python3-beniget (0.4.1-3) ...\r\n libxsimd-dev:riscv64 (8.1.0-7) ...\r\n python3-decorator (5.1.1-4) ...\r\n libpython3-all-dev:riscv64 (3.11.4-5) ...\r\n libopenblas0:riscv64 (0.3.23+ds-3) ...\r\n libboost-dev:riscv64 (1.74.0.3ubuntu7) ...\r\n liblbfgsb0:riscv64 (3.0+dfsg.4-1) ...\r\n libopenblas-pthread-dev:riscv64 (0.3.23+ds-3) ...\r\nupdate-alternatives:  /usr/lib/riscv64-linux-gnu/openblas-pthread/libblas.so  /usr/lib/riscv64-linux-gnu/libblas.so (libblas.so-riscv64-linux-gnu)\r\nupdate-alternatives:  /usr/lib/riscv64-linux-gnu/openblas-pthread/liblapack.so  /usr/lib/riscv64-linux-gnu/liblapack.so (liblapack.so-riscv64-linux-gnu)\r\nupdate-alternatives:  /usr/lib/riscv64-linux-gnu/openblas-pthread/libopenblas.so  /usr/lib/riscv64-linux-gnu/libopenblas.so (libopenblas.so-riscv64-linux-gnu)\r\n python3-all-dev (3.11.4-5) ...\r\n libopenblas-dev:riscv64 (0.3.23+ds-3) ...\r\n python3-pythran (0.11.0+ds-8) ...\r\n python3-scipy (1.10.1-2) ...\r\n man-db (2.11.2-3)  ...\r\n libc-bin (2.38-1ubuntu6.1-bb4)  ...\r\n[2024-09-19 11:00:33] SciPy installed successfully.\n[2024-09-19 11:00:34] Created temporary directory: /tmp/tmp.1iDICXnXGl\n[2024-09-19 11:00:34] Running the SciPy test script...\n[2024-09-19 11:00:37] Script output:\n[2024-09-19 11:00:37] Mean: -0.0062\nStandard Deviation: 1.0037\nT-statistic: -0.1948\nP-value: 0.8456\n[2024-09-19 11:00:37] Cleaned up temporary directory.\n[2024-09-19 11:00:37] Changed back to original directory: /tmp/lintestor/bianbu/scipy\n[2024-09-19 11:00:37] SciPy test passed successfully.\n[2024-09-19 11:00:37] SciPy is functioning correctly.\n",
        "passed": true
      }
    ],
    "all_tests_passed": true
  },
  {
    "distro": "bianbu",
    "os_version": "Linux version 6.1.15 (root@bianbu-build-deb-37zn1-v692p) (gcc (Ubuntu 13.2.0-4ubuntu3-bb2) 13.2.0, GNU ld (GNU Binutils for Ubuntu) 2.41) #1.0 SMP PREEMPT Thu May 30 13:16:13 UTC 2024\n",
    "kernel_version": "6.1.15\n",
    "package_name": "squid",
    "package_type": "package",
    "package_version": "6.1",
    "test_results": [
      {
        "test_name": "test.sh",
        "output": "[2024-09-19 11:00:40] Current directory: /tmp/lintestor/bianbu/squid\n[2024-09-19 11:00:40] Created temporary directory: /tmp/tmp.nqiXufMGl2\n[2024-09-19 11:00:40] Starting Squid test script...\n[2024-09-19 11:00:40] Checking system prerequisites...\n[2024-09-19 11:00:40] System prerequisites check passed.\n[2024-09-19 11:00:40] Squid is not installed.\n[2024-09-19 11:00:40] Attempting to install Squid...\n:1 http://archive.spacemit.com/bianbu-ports mantic/snapshots/v1.0 InRelease\n:2 http://archive.spacemit.com/bianbu-ports mantic-security/snapshots/v1.0 InRelease\n:3 http://archive.spacemit.com/bianbu-ports mantic-spacemit/snapshots/v1.0 InRelease\n:4 http://archive.spacemit.com/bianbu-ports mantic-porting/snapshots/v1.0 InRelease\n:5 http://archive.spacemit.com/bianbu-ports mantic-customization/snapshots/v1.0 InRelease\n...\n...\n...\n...\n\n  libecap3 squid-common squid-langpack\n\n  squidclient squid-cgi squid-purge resolvconf smbclient ufw winbind\n\n  libecap3 squid squid-common squid-langpack\n 0  4  0  0 \n 3,425 kB \n 13.2 MB \n:1 http://archive.spacemit.com/bianbu-ports mantic/snapshots/v1.0/main riscv64 libecap3 riscv64 1.0.1-3.4ubuntu1 [18.4 kB]\n:2 http://archive.spacemit.com/bianbu-ports mantic/snapshots/v1.0/main riscv64 squid-langpack all 20220130-1 [174 kB]\n:3 http://archive.spacemit.com/bianbu-ports mantic-security/snapshots/v1.0/main riscv64 squid-common all 6.1-2ubuntu1.1 [213 kB]\n:4 http://archive.spacemit.com/bianbu-ports mantic-security/snapshots/v1.0/main riscv64 squid riscv64 6.1-2ubuntu1.1 [3,020 kB]\n 3,425 kB 1 (6,084 kB/s)\n libecap3:riscv64\r\n( ... \r( ... 5%\r( ... 10%\r( ... 15%\r( ... 20%\r( ... 25%\r( ... 30%\r( ... 35%\r( ... 40%\r( ... 45%\r( ... 50%\r( ... 55%\r( ... 60%\r( ... 65%\r( ... 70%\r( ... 75%\r( ... 80%\r( ... 85%\r( ... 90%\r( ... 95%\r( ... 100%\r( ...  286262 )\r\n .../libecap3_1.0.1-3.4ubuntu1_riscv64.deb  ...\r\n libecap3:riscv64 (1.0.1-3.4ubuntu1) ...\r\n squid-langpack\r\n .../squid-langpack_20220130-1_all.deb  ...\r\n squid-langpack (20220130-1) ...\r\n squid-common\r\n .../squid-common_6.1-2ubuntu1.1_all.deb  ...\r\n squid-common (6.1-2ubuntu1.1) ...\r\n squid\r\n .../squid_6.1-2ubuntu1.1_riscv64.deb  ...\r\nproxy:x:13:13:proxy:/bin:/usr/sbin/nologin\r\n squid (6.1-2ubuntu1.1) ...\r\n squid-langpack (20220130-1) ...\r\n libecap3:riscv64 (1.0.1-3.4ubuntu1) ...\r\n squid-common (6.1-2ubuntu1.1) ...\r\n squid (6.1-2ubuntu1.1) ...\r\nSetcap worked! /usr/lib/squid/pinger is not suid!\r\nCreated symlink /etc/systemd/system/multi-user.target.wants/squid.service  /lib/systemd/system/squid.service.\r\n man-db (2.11.2-3)  ...\r\n libc-bin (2.38-1ubuntu6.1-bb4)  ...\r\n[2024-09-19 11:01:25] Squid installation command completed. Verifying installation...\n[2024-09-19 11:01:25] Squid is installed. Path: /usr/sbin/squid\n[2024-09-19 11:01:25] Squid installed successfully.\n[2024-09-19 11:01:25] Verifying Squid installation again...\n[2024-09-19 11:01:25] Squid is installed. Path: /usr/sbin/squid\n[2024-09-19 11:01:25] Starting Squid service...\n[2024-09-19 11:01:25] Checking Squid service status...\n[2024-09-19 11:01:25] Testing Squid configuration...\n[2024-09-19 11:01:26] Stopping Squid service...\n[2024-09-19 11:01:57] Squid functionality test passed successfully.\n[2024-09-19 11:01:57] Squid is functioning correctly.\n[2024-09-19 11:01:57] Cleaned up temporary directory.\n[2024-09-19 11:01:57] Squid test script completed.\n",
        "passed": true
      }
    ],
    "all_tests_passed": true
  },
  {
    "distro": "bianbu",
    "os_version": "Linux version 6.1.15 (root@bianbu-build-deb-37zn1-v692p) (gcc (Ubuntu 13.2.0-4ubuntu3-bb2) 13.2.0, GNU ld (GNU Binutils for Ubuntu) 2.41) #1.0 SMP PREEMPT Thu May 30 13:16:13 UTC 2024\n",
    "kernel_version": "6.1.15\n",
    "package_name": "zookeeper",
    "package_type": "package",
    "package_version": "3.9.2",
    "test_results": [
      {
        "test_name": "test.sh",
        "output": "[2024-09-19 11:02:00] Current directory: /tmp/lintestor/bianbu/zookeeper\n[2024-09-19 11:02:00] Created temporary directory: /tmp/tmp.iE9j9nSWdI\n[2024-09-19 11:02:00] Starting ZooKeeper test script...\n[2024-09-19 11:02:00] Checking system prerequisites...\n[2024-09-19 11:02:00] System prerequisites check passed.\n[2024-09-19 11:02:00] ZooKeeper is installed. Path: /opt/zookeeper\n[2024-09-19 11:02:00] Verifying ZooKeeper installation again...\n[2024-09-19 11:02:00] ZooKeeper is installed. Path: /opt/zookeeper\n[2024-09-19 11:02:00] Starting ZooKeeper server...\n/usr/bin/java\nStarting zookeeper ... STARTED\n[2024-09-19 11:02:06] Checking ZooKeeper server status...\n/usr/bin/java\nClient port found: 2181. Client address: localhost. Client SSL: false.\nMode: standalone\n[2024-09-19 11:02:09] Testing ZooKeeper client connection...\n[2024-09-19 11:02:09] Stopping ZooKeeper server...\n/usr/bin/java\nStopping zookeeper ... STOPPED\n[2024-09-19 11:02:10] ZooKeeper functionality test passed successfully.\n[2024-09-19 11:02:10] ZooKeeper is functioning correctly.\n[2024-09-19 11:02:10] Cleaned up temporary directory.\n[2024-09-19 11:02:10] ZooKeeper test script completed.\n",
        "passed": true
      }
    ],
    "all_tests_passed": true
  }
]